{"/Users/jamal/Tests/test-poker-dkatalis_Achmad/dist/src/constants.js": {"path":"/Users/jamal/Tests/test-poker-dkatalis_Achmad/dist/src/constants.js","statementMap":{"0":{"start":{"line":2,"column":0},"end":{"line":2,"column":62}},"1":{"start":{"line":3,"column":0},"end":{"line":3,"column":105}},"2":{"start":{"line":4,"column":0},"end":{"line":4,"column":95}},"3":{"start":{"line":6,"column":0},"end":{"line":11,"column":50}},"4":{"start":{"line":7,"column":4},"end":{"line":7,"column":35}},"5":{"start":{"line":8,"column":4},"end":{"line":8,"column":29}},"6":{"start":{"line":9,"column":4},"end":{"line":9,"column":31}},"7":{"start":{"line":10,"column":4},"end":{"line":10,"column":31}},"8":{"start":{"line":13,"column":0},"end":{"line":24,"column":68}},"9":{"start":{"line":14,"column":4},"end":{"line":14,"column":46}},"10":{"start":{"line":15,"column":4},"end":{"line":15,"column":52}},"11":{"start":{"line":16,"column":4},"end":{"line":16,"column":50}},"12":{"start":{"line":17,"column":4},"end":{"line":17,"column":44}},"13":{"start":{"line":18,"column":4},"end":{"line":18,"column":35}},"14":{"start":{"line":19,"column":4},"end":{"line":19,"column":41}},"15":{"start":{"line":20,"column":4},"end":{"line":20,"column":52}},"16":{"start":{"line":21,"column":4},"end":{"line":21,"column":42}},"17":{"start":{"line":22,"column":4},"end":{"line":22,"column":40}},"18":{"start":{"line":23,"column":4},"end":{"line":23,"column":42}},"19":{"start":{"line":25,"column":0},"end":{"line":25,"column":79}},"20":{"start":{"line":26,"column":0},"end":{"line":37,"column":2}}},"fnMap":{"0":{"name":"(anonymous_0)","decl":{"start":{"line":6,"column":1},"end":{"line":6,"column":2}},"loc":{"start":{"line":6,"column":18},"end":{"line":11,"column":1}},"line":6},"1":{"name":"(anonymous_1)","decl":{"start":{"line":13,"column":1},"end":{"line":13,"column":2}},"loc":{"start":{"line":13,"column":24},"end":{"line":24,"column":1}},"line":13}},"branchMap":{"0":{"loc":{"start":{"line":11,"column":11},"end":{"line":11,"column":48}},"type":"binary-expr","locations":[{"start":{"line":11,"column":11},"end":{"line":11,"column":24}},{"start":{"line":11,"column":29},"end":{"line":11,"column":47}}],"line":11},"1":{"loc":{"start":{"line":24,"column":17},"end":{"line":24,"column":66}},"type":"binary-expr","locations":[{"start":{"line":24,"column":17},"end":{"line":24,"column":36}},{"start":{"line":24,"column":41},"end":{"line":24,"column":65}}],"line":24}},"s":{"0":11,"1":11,"2":11,"3":11,"4":11,"5":11,"6":11,"7":11,"8":11,"9":11,"10":11,"11":11,"12":11,"13":11,"14":11,"15":11,"16":11,"17":11,"18":11,"19":11,"20":11},"f":{"0":11,"1":11},"b":{"0":[11,11],"1":[11,11]},"inputSourceMap":null,"_coverageSchema":"1a1c01bbd47fc00a2c39e90264f33305004495a9","hash":"a5f560d24df18501a43dae8433470595a0c121e2"}
,"/Users/jamal/Tests/test-poker-dkatalis_Achmad/dist/src/models/Card.js": {"path":"/Users/jamal/Tests/test-poker-dkatalis_Achmad/dist/src/models/Card.js","statementMap":{"0":{"start":{"line":2,"column":0},"end":{"line":2,"column":62}},"1":{"start":{"line":3,"column":0},"end":{"line":3,"column":22}},"2":{"start":{"line":4,"column":20},"end":{"line":4,"column":43}},"3":{"start":{"line":7,"column":30},"end":{"line":7,"column":51}},"4":{"start":{"line":8,"column":8},"end":{"line":8,"column":37}},"5":{"start":{"line":9,"column":8},"end":{"line":9,"column":37}},"6":{"start":{"line":10,"column":8},"end":{"line":10,"column":124}},"7":{"start":{"line":13,"column":8},"end":{"line":13,"column":43}},"8":{"start":{"line":16,"column":0},"end":{"line":16,"column":20}}},"fnMap":{"0":{"name":"(anonymous_0)","decl":{"start":{"line":6,"column":4},"end":{"line":6,"column":5}},"loc":{"start":{"line":6,"column":28},"end":{"line":11,"column":5}},"line":6},"1":{"name":"(anonymous_1)","decl":{"start":{"line":12,"column":4},"end":{"line":12,"column":5}},"loc":{"start":{"line":12,"column":15},"end":{"line":14,"column":5}},"line":12}},"branchMap":{"0":{"loc":{"start":{"line":10,"column":21},"end":{"line":10,"column":123}},"type":"cond-expr","locations":[{"start":{"line":10,"column":43},"end":{"line":10,"column":84}},{"start":{"line":10,"column":87},"end":{"line":10,"column":123}}],"line":10}},"s":{"0":11,"1":11,"2":11,"3":476,"4":476,"5":476,"6":476,"7":0,"8":11},"f":{"0":476,"1":0},"b":{"0":[64,412]},"inputSourceMap":null,"_coverageSchema":"1a1c01bbd47fc00a2c39e90264f33305004495a9","hash":"68f7c98c60d3b5eb418bc7af151c18fa927ad38f"}
,"/Users/jamal/Tests/test-poker-dkatalis_Achmad/dist/src/models/index.js": {"path":"/Users/jamal/Tests/test-poker-dkatalis_Achmad/dist/src/models/index.js","statementMap":{"0":{"start":{"line":2,"column":22},"end":{"line":12,"column":3}},"1":{"start":{"line":3,"column":4},"end":{"line":3,"column":33}},"2":{"start":{"line":3,"column":26},"end":{"line":3,"column":33}},"3":{"start":{"line":4,"column":15},"end":{"line":4,"column":52}},"4":{"start":{"line":5,"column":4},"end":{"line":7,"column":5}},"5":{"start":{"line":6,"column":6},"end":{"line":6,"column":68}},"6":{"start":{"line":6,"column":51},"end":{"line":6,"column":63}},"7":{"start":{"line":8,"column":4},"end":{"line":8,"column":39}},"8":{"start":{"line":10,"column":4},"end":{"line":10,"column":33}},"9":{"start":{"line":10,"column":26},"end":{"line":10,"column":33}},"10":{"start":{"line":11,"column":4},"end":{"line":11,"column":17}},"11":{"start":{"line":13,"column":19},"end":{"line":15,"column":1}},"12":{"start":{"line":14,"column":4},"end":{"line":14,"column":126}},"13":{"start":{"line":14,"column":21},"end":{"line":14,"column":126}},"14":{"start":{"line":14,"column":95},"end":{"line":14,"column":126}},"15":{"start":{"line":16,"column":0},"end":{"line":16,"column":62}},"16":{"start":{"line":17,"column":0},"end":{"line":17,"column":41}}},"fnMap":{"0":{"name":"(anonymous_0)","decl":{"start":{"line":2,"column":74},"end":{"line":2,"column":75}},"loc":{"start":{"line":2,"column":96},"end":{"line":9,"column":1}},"line":2},"1":{"name":"(anonymous_1)","decl":{"start":{"line":6,"column":38},"end":{"line":6,"column":39}},"loc":{"start":{"line":6,"column":49},"end":{"line":6,"column":65}},"line":6},"2":{"name":"(anonymous_2)","decl":{"start":{"line":9,"column":6},"end":{"line":9,"column":7}},"loc":{"start":{"line":9,"column":28},"end":{"line":12,"column":1}},"line":9},"3":{"name":"(anonymous_3)","decl":{"start":{"line":13,"column":50},"end":{"line":13,"column":51}},"loc":{"start":{"line":13,"column":71},"end":{"line":15,"column":1}},"line":13}},"branchMap":{"0":{"loc":{"start":{"line":2,"column":22},"end":{"line":12,"column":3}},"type":"binary-expr","locations":[{"start":{"line":2,"column":23},"end":{"line":2,"column":27}},{"start":{"line":2,"column":31},"end":{"line":2,"column":51}},{"start":{"line":2,"column":57},"end":{"line":12,"column":2}}],"line":2},"1":{"loc":{"start":{"line":2,"column":57},"end":{"line":12,"column":2}},"type":"cond-expr","locations":[{"start":{"line":2,"column":74},"end":{"line":9,"column":1}},{"start":{"line":9,"column":6},"end":{"line":12,"column":1}}],"line":2},"2":{"loc":{"start":{"line":3,"column":4},"end":{"line":3,"column":33}},"type":"if","locations":[{"start":{"line":3,"column":4},"end":{"line":3,"column":33}},{"start":{},"end":{}}],"line":3},"3":{"loc":{"start":{"line":5,"column":4},"end":{"line":7,"column":5}},"type":"if","locations":[{"start":{"line":5,"column":4},"end":{"line":7,"column":5}},{"start":{},"end":{}}],"line":5},"4":{"loc":{"start":{"line":5,"column":8},"end":{"line":5,"column":85}},"type":"binary-expr","locations":[{"start":{"line":5,"column":8},"end":{"line":5,"column":13}},{"start":{"line":5,"column":18},"end":{"line":5,"column":84}}],"line":5},"5":{"loc":{"start":{"line":5,"column":18},"end":{"line":5,"column":84}},"type":"cond-expr","locations":[{"start":{"line":5,"column":34},"end":{"line":5,"column":47}},{"start":{"line":5,"column":50},"end":{"line":5,"column":84}}],"line":5},"6":{"loc":{"start":{"line":5,"column":50},"end":{"line":5,"column":84}},"type":"binary-expr","locations":[{"start":{"line":5,"column":50},"end":{"line":5,"column":63}},{"start":{"line":5,"column":67},"end":{"line":5,"column":84}}],"line":5},"7":{"loc":{"start":{"line":10,"column":4},"end":{"line":10,"column":33}},"type":"if","locations":[{"start":{"line":10,"column":4},"end":{"line":10,"column":33}},{"start":{},"end":{}}],"line":10},"8":{"loc":{"start":{"line":13,"column":19},"end":{"line":15,"column":1}},"type":"binary-expr","locations":[{"start":{"line":13,"column":20},"end":{"line":13,"column":24}},{"start":{"line":13,"column":28},"end":{"line":13,"column":45}},{"start":{"line":13,"column":50},"end":{"line":15,"column":1}}],"line":13},"9":{"loc":{"start":{"line":14,"column":21},"end":{"line":14,"column":126}},"type":"if","locations":[{"start":{"line":14,"column":21},"end":{"line":14,"column":126}},{"start":{},"end":{}}],"line":14},"10":{"loc":{"start":{"line":14,"column":25},"end":{"line":14,"column":93}},"type":"binary-expr","locations":[{"start":{"line":14,"column":25},"end":{"line":14,"column":40}},{"start":{"line":14,"column":44},"end":{"line":14,"column":93}}],"line":14}},"s":{"0":11,"1":11,"2":11,"3":11,"4":11,"5":11,"6":476,"7":11,"8":0,"9":0,"10":0,"11":11,"12":11,"13":11,"14":11,"15":11,"16":11},"f":{"0":11,"1":476,"2":0,"3":11},"b":{"0":[11,11,11],"1":[11,0],"2":[11,0],"3":[11,0],"4":[11,11],"5":[0,11],"6":[11,0],"7":[0,0],"8":[11,11,11],"9":[11,0],"10":[11,11]},"inputSourceMap":null,"_coverageSchema":"1a1c01bbd47fc00a2c39e90264f33305004495a9","hash":"e2ae23338a5aeb2fb75ac32254e07a38f5030ac3"}
,"/Users/jamal/Tests/test-poker-dkatalis_Achmad/dist/src/services/game/Game.js": {"path":"/Users/jamal/Tests/test-poker-dkatalis_Achmad/dist/src/services/game/Game.js","statementMap":{"0":{"start":{"line":2,"column":0},"end":{"line":2,"column":62}},"1":{"start":{"line":3,"column":0},"end":{"line":3,"column":22}},"2":{"start":{"line":4,"column":20},"end":{"line":4,"column":46}},"3":{"start":{"line":5,"column":17},"end":{"line":5,"column":40}},"4":{"start":{"line":6,"column":16},"end":{"line":6,"column":38}},"5":{"start":{"line":7,"column":22},"end":{"line":7,"column":47}},"6":{"start":{"line":10,"column":8},"end":{"line":10,"column":45}},"7":{"start":{"line":11,"column":8},"end":{"line":11,"column":36}},"8":{"start":{"line":12,"column":8},"end":{"line":12,"column":27}},"9":{"start":{"line":13,"column":8},"end":{"line":13,"column":34}},"10":{"start":{"line":14,"column":8},"end":{"line":14,"column":40}},"11":{"start":{"line":15,"column":8},"end":{"line":15,"column":27}},"12":{"start":{"line":16,"column":25},"end":{"line":16,"column":55}},"13":{"start":{"line":17,"column":8},"end":{"line":23,"column":9}},"14":{"start":{"line":17,"column":21},"end":{"line":17,"column":22}},"15":{"start":{"line":18,"column":25},"end":{"line":18,"column":45}},"16":{"start":{"line":19,"column":12},"end":{"line":22,"column":13}},"17":{"start":{"line":19,"column":25},"end":{"line":19,"column":26}},"18":{"start":{"line":20,"column":29},"end":{"line":20,"column":40}},"19":{"start":{"line":21,"column":16},"end":{"line":21,"column":73}},"20":{"start":{"line":26,"column":8},"end":{"line":26,"column":107}},"21":{"start":{"line":30,"column":30},"end":{"line":30,"column":76}},"22":{"start":{"line":31,"column":8},"end":{"line":32,"column":33}},"23":{"start":{"line":32,"column":12},"end":{"line":32,"column":33}},"24":{"start":{"line":34,"column":35},"end":{"line":34,"column":79}},"25":{"start":{"line":35,"column":8},"end":{"line":44,"column":9}},"26":{"start":{"line":36,"column":12},"end":{"line":37,"column":42}},"27":{"start":{"line":37,"column":16},"end":{"line":37,"column":42}},"28":{"start":{"line":39,"column":33},"end":{"line":39,"column":51}},"29":{"start":{"line":40,"column":44},"end":{"line":40,"column":115}},"30":{"start":{"line":41,"column":12},"end":{"line":42,"column":47}},"31":{"start":{"line":42,"column":16},"end":{"line":42,"column":47}},"32":{"start":{"line":43,"column":12},"end":{"line":43,"column":62}},"33":{"start":{"line":46,"column":29},"end":{"line":46,"column":69}},"34":{"start":{"line":47,"column":8},"end":{"line":48,"column":32}},"35":{"start":{"line":48,"column":12},"end":{"line":48,"column":32}},"36":{"start":{"line":49,"column":8},"end":{"line":49,"column":57}},"37":{"start":{"line":52,"column":8},"end":{"line":54,"column":11}},"38":{"start":{"line":53,"column":12},"end":{"line":53,"column":95}},"39":{"start":{"line":55,"column":8},"end":{"line":55,"column":52}},"40":{"start":{"line":58,"column":8},"end":{"line":67,"column":9}},"41":{"start":{"line":58,"column":21},"end":{"line":58,"column":22}},"42":{"start":{"line":59,"column":27},"end":{"line":59,"column":50}},"43":{"start":{"line":60,"column":31},"end":{"line":60,"column":85}},"44":{"start":{"line":60,"column":69},"end":{"line":60,"column":84}},"45":{"start":{"line":61,"column":12},"end":{"line":66,"column":13}},"46":{"start":{"line":62,"column":16},"end":{"line":62,"column":159}},"47":{"start":{"line":65,"column":16},"end":{"line":65,"column":89}},"48":{"start":{"line":68,"column":23},"end":{"line":68,"column":52}},"49":{"start":{"line":69,"column":27},"end":{"line":69,"column":81}},"50":{"start":{"line":69,"column":65},"end":{"line":69,"column":80}},"51":{"start":{"line":70,"column":8},"end":{"line":70,"column":26}},"52":{"start":{"line":71,"column":8},"end":{"line":71,"column":54}},"53":{"start":{"line":72,"column":8},"end":{"line":77,"column":9}},"54":{"start":{"line":73,"column":12},"end":{"line":73,"column":155}},"55":{"start":{"line":76,"column":12},"end":{"line":76,"column":85}},"56":{"start":{"line":78,"column":8},"end":{"line":78,"column":26}},"57":{"start":{"line":81,"column":33},"end":{"line":81,"column":73}},"58":{"start":{"line":82,"column":8},"end":{"line":92,"column":9}},"59":{"start":{"line":82,"column":21},"end":{"line":82,"column":22}},"60":{"start":{"line":83,"column":35},"end":{"line":83,"column":46}},"61":{"start":{"line":84,"column":33},"end":{"line":84,"column":51}},"62":{"start":{"line":85,"column":32},"end":{"line":85,"column":84}},"63":{"start":{"line":86,"column":31},"end":{"line":86,"column":44}},"64":{"start":{"line":87,"column":31},"end":{"line":87,"column":66}},"65":{"start":{"line":88,"column":12},"end":{"line":91,"column":15}},"66":{"start":{"line":93,"column":8},"end":{"line":93,"column":29}},"67":{"start":{"line":94,"column":8},"end":{"line":94,"column":30}},"68":{"start":{"line":97,"column":0},"end":{"line":97,"column":20}}},"fnMap":{"0":{"name":"(anonymous_0)","decl":{"start":{"line":9,"column":4},"end":{"line":9,"column":5}},"loc":{"start":{"line":9,"column":32},"end":{"line":24,"column":5}},"line":9},"1":{"name":"(anonymous_1)","decl":{"start":{"line":25,"column":4},"end":{"line":25,"column":5}},"loc":{"start":{"line":25,"column":15},"end":{"line":27,"column":5}},"line":25},"2":{"name":"(anonymous_2)","decl":{"start":{"line":28,"column":4},"end":{"line":28,"column":5}},"loc":{"start":{"line":28,"column":29},"end":{"line":50,"column":5}},"line":28},"3":{"name":"(anonymous_3)","decl":{"start":{"line":51,"column":4},"end":{"line":51,"column":5}},"loc":{"start":{"line":51,"column":20},"end":{"line":56,"column":5}},"line":51},"4":{"name":"(anonymous_4)","decl":{"start":{"line":52,"column":68},"end":{"line":52,"column":69}},"loc":{"start":{"line":52,"column":106},"end":{"line":54,"column":9}},"line":52},"5":{"name":"(anonymous_5)","decl":{"start":{"line":57,"column":4},"end":{"line":57,"column":5}},"loc":{"start":{"line":57,"column":21},"end":{"line":79,"column":5}},"line":57},"6":{"name":"(anonymous_6)","decl":{"start":{"line":60,"column":59},"end":{"line":60,"column":60}},"loc":{"start":{"line":60,"column":69},"end":{"line":60,"column":84}},"line":60},"7":{"name":"(anonymous_7)","decl":{"start":{"line":69,"column":55},"end":{"line":69,"column":56}},"loc":{"start":{"line":69,"column":65},"end":{"line":69,"column":80}},"line":69},"8":{"name":"(anonymous_8)","decl":{"start":{"line":80,"column":4},"end":{"line":80,"column":5}},"loc":{"start":{"line":80,"column":11},"end":{"line":95,"column":5}},"line":80}},"branchMap":{"0":{"loc":{"start":{"line":26,"column":15},"end":{"line":26,"column":106}},"type":"cond-expr","locations":[{"start":{"line":26,"column":94},"end":{"line":26,"column":98}},{"start":{"line":26,"column":101},"end":{"line":26,"column":106}}],"line":26},"1":{"loc":{"start":{"line":26,"column":15},"end":{"line":26,"column":91}},"type":"binary-expr","locations":[{"start":{"line":26,"column":15},"end":{"line":26,"column":64}},{"start":{"line":26,"column":68},"end":{"line":26,"column":91}}],"line":26},"2":{"loc":{"start":{"line":31,"column":8},"end":{"line":32,"column":33}},"type":"if","locations":[{"start":{"line":31,"column":8},"end":{"line":32,"column":33}},{"start":{},"end":{}}],"line":31},"3":{"loc":{"start":{"line":35,"column":8},"end":{"line":44,"column":9}},"type":"if","locations":[{"start":{"line":35,"column":8},"end":{"line":44,"column":9}},{"start":{},"end":{}}],"line":35},"4":{"loc":{"start":{"line":36,"column":12},"end":{"line":37,"column":42}},"type":"if","locations":[{"start":{"line":36,"column":12},"end":{"line":37,"column":42}},{"start":{},"end":{}}],"line":36},"5":{"loc":{"start":{"line":41,"column":12},"end":{"line":42,"column":47}},"type":"if","locations":[{"start":{"line":41,"column":12},"end":{"line":42,"column":47}},{"start":{},"end":{}}],"line":41},"6":{"loc":{"start":{"line":41,"column":16},"end":{"line":41,"column":101}},"type":"binary-expr","locations":[{"start":{"line":41,"column":16},"end":{"line":41,"column":39}},{"start":{"line":41,"column":43},"end":{"line":41,"column":101}}],"line":41},"7":{"loc":{"start":{"line":43,"column":20},"end":{"line":43,"column":60}},"type":"binary-expr","locations":[{"start":{"line":43,"column":20},"end":{"line":43,"column":33}},{"start":{"line":43,"column":37},"end":{"line":43,"column":60}}],"line":43},"8":{"loc":{"start":{"line":47,"column":8},"end":{"line":48,"column":32}},"type":"if","locations":[{"start":{"line":47,"column":8},"end":{"line":48,"column":32}},{"start":{},"end":{}}],"line":47},"9":{"loc":{"start":{"line":53,"column":19},"end":{"line":53,"column":94}},"type":"cond-expr","locations":[{"start":{"line":53,"column":88},"end":{"line":53,"column":89}},{"start":{"line":53,"column":92},"end":{"line":53,"column":94}}],"line":53},"10":{"loc":{"start":{"line":61,"column":12},"end":{"line":66,"column":13}},"type":"if","locations":[{"start":{"line":61,"column":12},"end":{"line":66,"column":13}},{"start":{"line":64,"column":17},"end":{"line":66,"column":13}}],"line":61},"11":{"loc":{"start":{"line":72,"column":8},"end":{"line":77,"column":9}},"type":"if","locations":[{"start":{"line":72,"column":8},"end":{"line":77,"column":9}},{"start":{"line":75,"column":13},"end":{"line":77,"column":9}}],"line":72}},"s":{"0":1,"1":1,"2":1,"3":1,"4":1,"5":1,"6":3,"7":3,"8":3,"9":3,"10":3,"11":3,"12":3,"13":3,"14":3,"15":39,"16":39,"17":39,"18":156,"19":156,"20":2,"21":0,"22":0,"23":0,"24":0,"25":0,"26":0,"27":0,"28":0,"29":0,"30":0,"31":0,"32":0,"33":0,"34":0,"35":0,"36":0,"37":0,"38":0,"39":0,"40":0,"41":0,"42":0,"43":0,"44":0,"45":0,"46":0,"47":0,"48":0,"49":0,"50":0,"51":0,"52":0,"53":0,"54":0,"55":0,"56":0,"57":0,"58":0,"59":0,"60":0,"61":0,"62":0,"63":0,"64":0,"65":0,"66":0,"67":0,"68":1},"f":{"0":3,"1":2,"2":0,"3":0,"4":0,"5":0,"6":0,"7":0,"8":0},"b":{"0":[0,2],"1":[2,1],"2":[0,0],"3":[0,0],"4":[0,0],"5":[0,0],"6":[0,0],"7":[0,0],"8":[0,0],"9":[0,0],"10":[0,0],"11":[0,0]},"inputSourceMap":null,"_coverageSchema":"1a1c01bbd47fc00a2c39e90264f33305004495a9","hash":"c1efc1f5c4b8db8f6c1d973ded52a32735dc7667"}
,"/Users/jamal/Tests/test-poker-dkatalis_Achmad/dist/src/services/game/index.js": {"path":"/Users/jamal/Tests/test-poker-dkatalis_Achmad/dist/src/services/game/index.js","statementMap":{"0":{"start":{"line":2,"column":22},"end":{"line":12,"column":3}},"1":{"start":{"line":3,"column":4},"end":{"line":3,"column":33}},"2":{"start":{"line":3,"column":26},"end":{"line":3,"column":33}},"3":{"start":{"line":4,"column":15},"end":{"line":4,"column":52}},"4":{"start":{"line":5,"column":4},"end":{"line":7,"column":5}},"5":{"start":{"line":6,"column":6},"end":{"line":6,"column":68}},"6":{"start":{"line":6,"column":51},"end":{"line":6,"column":63}},"7":{"start":{"line":8,"column":4},"end":{"line":8,"column":39}},"8":{"start":{"line":10,"column":4},"end":{"line":10,"column":33}},"9":{"start":{"line":10,"column":26},"end":{"line":10,"column":33}},"10":{"start":{"line":11,"column":4},"end":{"line":11,"column":17}},"11":{"start":{"line":13,"column":19},"end":{"line":15,"column":1}},"12":{"start":{"line":14,"column":4},"end":{"line":14,"column":126}},"13":{"start":{"line":14,"column":21},"end":{"line":14,"column":126}},"14":{"start":{"line":14,"column":95},"end":{"line":14,"column":126}},"15":{"start":{"line":16,"column":0},"end":{"line":16,"column":62}},"16":{"start":{"line":17,"column":0},"end":{"line":17,"column":41}}},"fnMap":{"0":{"name":"(anonymous_0)","decl":{"start":{"line":2,"column":74},"end":{"line":2,"column":75}},"loc":{"start":{"line":2,"column":96},"end":{"line":9,"column":1}},"line":2},"1":{"name":"(anonymous_1)","decl":{"start":{"line":6,"column":38},"end":{"line":6,"column":39}},"loc":{"start":{"line":6,"column":49},"end":{"line":6,"column":65}},"line":6},"2":{"name":"(anonymous_2)","decl":{"start":{"line":9,"column":6},"end":{"line":9,"column":7}},"loc":{"start":{"line":9,"column":28},"end":{"line":12,"column":1}},"line":9},"3":{"name":"(anonymous_3)","decl":{"start":{"line":13,"column":50},"end":{"line":13,"column":51}},"loc":{"start":{"line":13,"column":71},"end":{"line":15,"column":1}},"line":13}},"branchMap":{"0":{"loc":{"start":{"line":2,"column":22},"end":{"line":12,"column":3}},"type":"binary-expr","locations":[{"start":{"line":2,"column":23},"end":{"line":2,"column":27}},{"start":{"line":2,"column":31},"end":{"line":2,"column":51}},{"start":{"line":2,"column":57},"end":{"line":12,"column":2}}],"line":2},"1":{"loc":{"start":{"line":2,"column":57},"end":{"line":12,"column":2}},"type":"cond-expr","locations":[{"start":{"line":2,"column":74},"end":{"line":9,"column":1}},{"start":{"line":9,"column":6},"end":{"line":12,"column":1}}],"line":2},"2":{"loc":{"start":{"line":3,"column":4},"end":{"line":3,"column":33}},"type":"if","locations":[{"start":{"line":3,"column":4},"end":{"line":3,"column":33}},{"start":{},"end":{}}],"line":3},"3":{"loc":{"start":{"line":5,"column":4},"end":{"line":7,"column":5}},"type":"if","locations":[{"start":{"line":5,"column":4},"end":{"line":7,"column":5}},{"start":{},"end":{}}],"line":5},"4":{"loc":{"start":{"line":5,"column":8},"end":{"line":5,"column":85}},"type":"binary-expr","locations":[{"start":{"line":5,"column":8},"end":{"line":5,"column":13}},{"start":{"line":5,"column":18},"end":{"line":5,"column":84}}],"line":5},"5":{"loc":{"start":{"line":5,"column":18},"end":{"line":5,"column":84}},"type":"cond-expr","locations":[{"start":{"line":5,"column":34},"end":{"line":5,"column":47}},{"start":{"line":5,"column":50},"end":{"line":5,"column":84}}],"line":5},"6":{"loc":{"start":{"line":5,"column":50},"end":{"line":5,"column":84}},"type":"binary-expr","locations":[{"start":{"line":5,"column":50},"end":{"line":5,"column":63}},{"start":{"line":5,"column":67},"end":{"line":5,"column":84}}],"line":5},"7":{"loc":{"start":{"line":10,"column":4},"end":{"line":10,"column":33}},"type":"if","locations":[{"start":{"line":10,"column":4},"end":{"line":10,"column":33}},{"start":{},"end":{}}],"line":10},"8":{"loc":{"start":{"line":13,"column":19},"end":{"line":15,"column":1}},"type":"binary-expr","locations":[{"start":{"line":13,"column":20},"end":{"line":13,"column":24}},{"start":{"line":13,"column":28},"end":{"line":13,"column":45}},{"start":{"line":13,"column":50},"end":{"line":15,"column":1}}],"line":13},"9":{"loc":{"start":{"line":14,"column":21},"end":{"line":14,"column":126}},"type":"if","locations":[{"start":{"line":14,"column":21},"end":{"line":14,"column":126}},{"start":{},"end":{}}],"line":14},"10":{"loc":{"start":{"line":14,"column":25},"end":{"line":14,"column":93}},"type":"binary-expr","locations":[{"start":{"line":14,"column":25},"end":{"line":14,"column":40}},{"start":{"line":14,"column":44},"end":{"line":14,"column":93}}],"line":14}},"s":{"0":1,"1":1,"2":1,"3":1,"4":1,"5":1,"6":3,"7":1,"8":0,"9":0,"10":0,"11":1,"12":1,"13":1,"14":1,"15":1,"16":1},"f":{"0":1,"1":3,"2":0,"3":1},"b":{"0":[1,1,1],"1":[1,0],"2":[1,0],"3":[1,0],"4":[1,1],"5":[0,1],"6":[1,0],"7":[0,0],"8":[1,1,1],"9":[1,0],"10":[1,1]},"inputSourceMap":null,"_coverageSchema":"1a1c01bbd47fc00a2c39e90264f33305004495a9","hash":"66aea5958227a392cce9734adc034d338bb89803"}
,"/Users/jamal/Tests/test-poker-dkatalis_Achmad/dist/src/services/player-hand/Flush.js": {"path":"/Users/jamal/Tests/test-poker-dkatalis_Achmad/dist/src/services/player-hand/Flush.js","statementMap":{"0":{"start":{"line":2,"column":0},"end":{"line":2,"column":62}},"1":{"start":{"line":3,"column":0},"end":{"line":3,"column":23}},"2":{"start":{"line":4,"column":20},"end":{"line":4,"column":46}},"3":{"start":{"line":5,"column":21},"end":{"line":5,"column":44}},"4":{"start":{"line":8,"column":21},"end":{"line":8,"column":50}},"5":{"start":{"line":9,"column":8},"end":{"line":9,"column":27}},"6":{"start":{"line":10,"column":8},"end":{"line":10,"column":28}},"7":{"start":{"line":11,"column":8},"end":{"line":11,"column":23}},"8":{"start":{"line":12,"column":8},"end":{"line":12,"column":23}},"9":{"start":{"line":13,"column":8},"end":{"line":13,"column":31}},"10":{"start":{"line":16,"column":8},"end":{"line":16,"column":63}},"11":{"start":{"line":19,"column":21},"end":{"line":19,"column":26}},"12":{"start":{"line":20,"column":21},"end":{"line":20,"column":39}},"13":{"start":{"line":21,"column":8},"end":{"line":38,"column":9}},"14":{"start":{"line":21,"column":21},"end":{"line":21,"column":22}},"15":{"start":{"line":22,"column":30},"end":{"line":22,"column":34}},"16":{"start":{"line":23,"column":12},"end":{"line":26,"column":13}},"17":{"start":{"line":24,"column":16},"end":{"line":24,"column":36}},"18":{"start":{"line":25,"column":16},"end":{"line":25,"column":38}},"19":{"start":{"line":27,"column":12},"end":{"line":37,"column":13}},"20":{"start":{"line":28,"column":16},"end":{"line":28,"column":33}},"21":{"start":{"line":29,"column":36},"end":{"line":34,"column":18}},"22":{"start":{"line":31,"column":39},"end":{"line":31,"column":96}},"23":{"start":{"line":32,"column":39},"end":{"line":32,"column":96}},"24":{"start":{"line":33,"column":20},"end":{"line":33,"column":51}},"25":{"start":{"line":35,"column":16},"end":{"line":35,"column":69}},"26":{"start":{"line":36,"column":16},"end":{"line":36,"column":30}},"27":{"start":{"line":39,"column":8},"end":{"line":39,"column":36}},"28":{"start":{"line":42,"column":8},"end":{"line":42,"column":28}},"29":{"start":{"line":48,"column":0},"end":{"line":48,"column":22}}},"fnMap":{"0":{"name":"(anonymous_0)","decl":{"start":{"line":7,"column":4},"end":{"line":7,"column":5}},"loc":{"start":{"line":7,"column":23},"end":{"line":14,"column":5}},"line":7},"1":{"name":"(anonymous_1)","decl":{"start":{"line":15,"column":4},"end":{"line":15,"column":5}},"loc":{"start":{"line":15,"column":22},"end":{"line":17,"column":5}},"line":15},"2":{"name":"(anonymous_2)","decl":{"start":{"line":18,"column":4},"end":{"line":18,"column":5}},"loc":{"start":{"line":18,"column":12},"end":{"line":40,"column":5}},"line":18},"3":{"name":"(anonymous_3)","decl":{"start":{"line":30,"column":26},"end":{"line":30,"column":27}},"loc":{"start":{"line":30,"column":44},"end":{"line":34,"column":17}},"line":30},"4":{"name":"(anonymous_4)","decl":{"start":{"line":41,"column":4},"end":{"line":41,"column":5}},"loc":{"start":{"line":41,"column":12},"end":{"line":46,"column":5}},"line":41}},"branchMap":{"0":{"loc":{"start":{"line":23,"column":12},"end":{"line":26,"column":13}},"type":"if","locations":[{"start":{"line":23,"column":12},"end":{"line":26,"column":13}},{"start":{},"end":{}}],"line":23},"1":{"loc":{"start":{"line":27,"column":12},"end":{"line":37,"column":13}},"type":"if","locations":[{"start":{"line":27,"column":12},"end":{"line":37,"column":13}},{"start":{},"end":{}}],"line":27},"2":{"loc":{"start":{"line":27,"column":16},"end":{"line":27,"column":58}},"type":"binary-expr","locations":[{"start":{"line":27,"column":16},"end":{"line":27,"column":27}},{"start":{"line":27,"column":31},"end":{"line":27,"column":58}}],"line":27},"3":{"loc":{"start":{"line":31,"column":39},"end":{"line":31,"column":96}},"type":"cond-expr","locations":[{"start":{"line":31,"column":68},"end":{"line":31,"column":82}},{"start":{"line":31,"column":85},"end":{"line":31,"column":96}}],"line":31},"4":{"loc":{"start":{"line":32,"column":39},"end":{"line":32,"column":96}},"type":"cond-expr","locations":[{"start":{"line":32,"column":68},"end":{"line":32,"column":82}},{"start":{"line":32,"column":85},"end":{"line":32,"column":96}}],"line":32},"5":{"loc":{"start":{"line":39,"column":15},"end":{"line":39,"column":35}},"type":"cond-expr","locations":[{"start":{"line":39,"column":24},"end":{"line":39,"column":28}},{"start":{"line":39,"column":31},"end":{"line":39,"column":35}}],"line":39}},"s":{"0":11,"1":11,"2":11,"3":11,"4":16,"5":16,"6":16,"7":16,"8":16,"9":16,"10":2,"11":16,"12":16,"13":16,"14":16,"15":61,"16":61,"17":2,"18":2,"19":61,"20":14,"21":14,"22":86,"23":86,"24":86,"25":14,"26":14,"27":16,"28":7,"29":11},"f":{"0":16,"1":2,"2":16,"3":86,"4":7},"b":{"0":[2,59],"1":[14,47],"2":[61,59],"3":[12,74],"4":[8,78],"5":[14,2]},"inputSourceMap":null,"_coverageSchema":"1a1c01bbd47fc00a2c39e90264f33305004495a9","hash":"d09d443e19e321e7f0abb08267718a04dd43fb3c"}
,"/Users/jamal/Tests/test-poker-dkatalis_Achmad/dist/src/services/player-hand/FourOfAKind.js": {"path":"/Users/jamal/Tests/test-poker-dkatalis_Achmad/dist/src/services/player-hand/FourOfAKind.js","statementMap":{"0":{"start":{"line":2,"column":0},"end":{"line":2,"column":62}},"1":{"start":{"line":3,"column":0},"end":{"line":3,"column":29}},"2":{"start":{"line":4,"column":20},"end":{"line":4,"column":46}},"3":{"start":{"line":5,"column":21},"end":{"line":5,"column":44}},"4":{"start":{"line":6,"column":23},"end":{"line":6,"column":48}},"5":{"start":{"line":9,"column":21},"end":{"line":9,"column":56}},"6":{"start":{"line":10,"column":8},"end":{"line":10,"column":27}},"7":{"start":{"line":11,"column":8},"end":{"line":11,"column":23}},"8":{"start":{"line":12,"column":8},"end":{"line":12,"column":23}},"9":{"start":{"line":13,"column":8},"end":{"line":13,"column":31}},"10":{"start":{"line":16,"column":8},"end":{"line":16,"column":63}},"11":{"start":{"line":19,"column":34},"end":{"line":19,"column":114}},"12":{"start":{"line":20,"column":8},"end":{"line":29,"column":9}},"13":{"start":{"line":21,"column":12},"end":{"line":28,"column":13}},"14":{"start":{"line":22,"column":16},"end":{"line":22,"column":51}},"15":{"start":{"line":23,"column":16},"end":{"line":23,"column":28}},"16":{"start":{"line":26,"column":16},"end":{"line":26,"column":61}},"17":{"start":{"line":27,"column":16},"end":{"line":27,"column":41}},"18":{"start":{"line":30,"column":8},"end":{"line":30,"column":20}},"19":{"start":{"line":33,"column":0},"end":{"line":33,"column":34}}},"fnMap":{"0":{"name":"(anonymous_0)","decl":{"start":{"line":8,"column":4},"end":{"line":8,"column":5}},"loc":{"start":{"line":8,"column":23},"end":{"line":14,"column":5}},"line":8},"1":{"name":"(anonymous_1)","decl":{"start":{"line":15,"column":4},"end":{"line":15,"column":5}},"loc":{"start":{"line":15,"column":22},"end":{"line":17,"column":5}},"line":15},"2":{"name":"(anonymous_2)","decl":{"start":{"line":18,"column":4},"end":{"line":18,"column":5}},"loc":{"start":{"line":18,"column":37},"end":{"line":31,"column":5}},"line":18}},"branchMap":{"0":{"loc":{"start":{"line":19,"column":34},"end":{"line":19,"column":114}},"type":"binary-expr","locations":[{"start":{"line":19,"column":34},"end":{"line":19,"column":59}},{"start":{"line":19,"column":63},"end":{"line":19,"column":114}}],"line":19},"1":{"loc":{"start":{"line":20,"column":8},"end":{"line":29,"column":9}},"type":"if","locations":[{"start":{"line":20,"column":8},"end":{"line":29,"column":9}},{"start":{},"end":{}}],"line":20},"2":{"loc":{"start":{"line":21,"column":12},"end":{"line":28,"column":13}},"type":"if","locations":[{"start":{"line":21,"column":12},"end":{"line":28,"column":13}},{"start":{"line":25,"column":17},"end":{"line":28,"column":13}}],"line":21},"3":{"loc":{"start":{"line":21,"column":16},"end":{"line":21,"column":99}},"type":"binary-expr","locations":[{"start":{"line":21,"column":16},"end":{"line":21,"column":33}},{"start":{"line":21,"column":37},"end":{"line":21,"column":65}},{"start":{"line":21,"column":69},"end":{"line":21,"column":99}}],"line":21}},"s":{"0":11,"1":11,"2":11,"3":11,"4":11,"5":9,"6":9,"7":9,"8":9,"9":9,"10":2,"11":9,"12":9,"13":8,"14":7,"15":7,"16":1,"17":1,"18":1,"19":11},"f":{"0":9,"1":2,"2":9},"b":{"0":[9,8],"1":[8,1],"2":[7,1],"3":[8,8,8]},"inputSourceMap":null,"_coverageSchema":"1a1c01bbd47fc00a2c39e90264f33305004495a9","hash":"54178b9a20fa0a2ab464da19b72450ec3aaf3788"}
,"/Users/jamal/Tests/test-poker-dkatalis_Achmad/dist/src/services/player-hand/FullHouse.js": {"path":"/Users/jamal/Tests/test-poker-dkatalis_Achmad/dist/src/services/player-hand/FullHouse.js","statementMap":{"0":{"start":{"line":2,"column":0},"end":{"line":2,"column":62}},"1":{"start":{"line":3,"column":0},"end":{"line":3,"column":27}},"2":{"start":{"line":4,"column":20},"end":{"line":4,"column":46}},"3":{"start":{"line":5,"column":18},"end":{"line":5,"column":38}},"4":{"start":{"line":6,"column":21},"end":{"line":6,"column":44}},"5":{"start":{"line":7,"column":23},"end":{"line":7,"column":48}},"6":{"start":{"line":10,"column":21},"end":{"line":10,"column":54}},"7":{"start":{"line":11,"column":8},"end":{"line":11,"column":27}},"8":{"start":{"line":12,"column":8},"end":{"line":12,"column":70}},"9":{"start":{"line":13,"column":8},"end":{"line":13,"column":23}},"10":{"start":{"line":14,"column":8},"end":{"line":14,"column":23}},"11":{"start":{"line":15,"column":8},"end":{"line":15,"column":31}},"12":{"start":{"line":18,"column":8},"end":{"line":18,"column":63}},"13":{"start":{"line":22,"column":36},"end":{"line":22,"column":38}},"14":{"start":{"line":23,"column":20},"end":{"line":23,"column":30}},"15":{"start":{"line":24,"column":26},"end":{"line":24,"column":36}},"16":{"start":{"line":25,"column":8},"end":{"line":32,"column":9}},"17":{"start":{"line":26,"column":12},"end":{"line":26,"column":55}},"18":{"start":{"line":27,"column":12},"end":{"line":27,"column":55}},"19":{"start":{"line":28,"column":31},"end":{"line":28,"column":164}},"20":{"start":{"line":28,"column":61},"end":{"line":28,"column":163}},"21":{"start":{"line":29,"column":12},"end":{"line":29,"column":72}},"22":{"start":{"line":30,"column":12},"end":{"line":30,"column":41}},"23":{"start":{"line":31,"column":12},"end":{"line":31,"column":56}},"24":{"start":{"line":33,"column":8},"end":{"line":45,"column":9}},"25":{"start":{"line":33,"column":21},"end":{"line":33,"column":22}},"26":{"start":{"line":34,"column":25},"end":{"line":34,"column":38}},"27":{"start":{"line":35,"column":12},"end":{"line":44,"column":13}},"28":{"start":{"line":36,"column":16},"end":{"line":36,"column":65}},"29":{"start":{"line":37,"column":16},"end":{"line":43,"column":17}},"30":{"start":{"line":38,"column":20},"end":{"line":41,"column":21}},"31":{"start":{"line":39,"column":24},"end":{"line":39,"column":111}},"32":{"start":{"line":40,"column":24},"end":{"line":40,"column":111}},"33":{"start":{"line":42,"column":20},"end":{"line":42,"column":108}},"34":{"start":{"line":46,"column":8},"end":{"line":47,"column":24}},"35":{"start":{"line":47,"column":12},"end":{"line":47,"column":24}},"36":{"start":{"line":48,"column":8},"end":{"line":48,"column":64}},"37":{"start":{"line":51,"column":0},"end":{"line":51,"column":30}}},"fnMap":{"0":{"name":"(anonymous_0)","decl":{"start":{"line":9,"column":4},"end":{"line":9,"column":5}},"loc":{"start":{"line":9,"column":23},"end":{"line":16,"column":5}},"line":9},"1":{"name":"(anonymous_1)","decl":{"start":{"line":17,"column":4},"end":{"line":17,"column":5}},"loc":{"start":{"line":17,"column":22},"end":{"line":19,"column":5}},"line":17},"2":{"name":"(anonymous_2)","decl":{"start":{"line":20,"column":4},"end":{"line":20,"column":5}},"loc":{"start":{"line":20,"column":37},"end":{"line":49,"column":5}},"line":20},"3":{"name":"(anonymous_3)","decl":{"start":{"line":28,"column":51},"end":{"line":28,"column":52}},"loc":{"start":{"line":28,"column":61},"end":{"line":28,"column":163}},"line":28}},"branchMap":{"0":{"loc":{"start":{"line":25,"column":8},"end":{"line":32,"column":9}},"type":"if","locations":[{"start":{"line":25,"column":8},"end":{"line":32,"column":9}},{"start":{},"end":{}}],"line":25},"1":{"loc":{"start":{"line":28,"column":109},"end":{"line":28,"column":162}},"type":"cond-expr","locations":[{"start":{"line":28,"column":144},"end":{"line":28,"column":150}},{"start":{"line":28,"column":153},"end":{"line":28,"column":162}}],"line":28},"2":{"loc":{"start":{"line":28,"column":109},"end":{"line":28,"column":141}},"type":"binary-expr","locations":[{"start":{"line":28,"column":109},"end":{"line":28,"column":122}},{"start":{"line":28,"column":126},"end":{"line":28,"column":141}}],"line":28},"3":{"loc":{"start":{"line":35,"column":12},"end":{"line":44,"column":13}},"type":"if","locations":[{"start":{"line":35,"column":12},"end":{"line":44,"column":13}},{"start":{},"end":{}}],"line":35},"4":{"loc":{"start":{"line":37,"column":16},"end":{"line":43,"column":17}},"type":"if","locations":[{"start":{"line":37,"column":16},"end":{"line":43,"column":17}},{"start":{},"end":{}}],"line":37},"5":{"loc":{"start":{"line":38,"column":20},"end":{"line":41,"column":21}},"type":"if","locations":[{"start":{"line":38,"column":20},"end":{"line":41,"column":21}},{"start":{},"end":{}}],"line":38},"6":{"loc":{"start":{"line":39,"column":36},"end":{"line":39,"column":110}},"type":"cond-expr","locations":[{"start":{"line":39,"column":94},"end":{"line":39,"column":100}},{"start":{"line":39,"column":103},"end":{"line":39,"column":110}}],"line":39},"7":{"loc":{"start":{"line":39,"column":36},"end":{"line":39,"column":91}},"type":"binary-expr","locations":[{"start":{"line":39,"column":36},"end":{"line":39,"column":74}},{"start":{"line":39,"column":78},"end":{"line":39,"column":91}}],"line":39},"8":{"loc":{"start":{"line":40,"column":36},"end":{"line":40,"column":110}},"type":"cond-expr","locations":[{"start":{"line":40,"column":94},"end":{"line":40,"column":100}},{"start":{"line":40,"column":103},"end":{"line":40,"column":110}}],"line":40},"9":{"loc":{"start":{"line":40,"column":36},"end":{"line":40,"column":91}},"type":"binary-expr","locations":[{"start":{"line":40,"column":36},"end":{"line":40,"column":74}},{"start":{"line":40,"column":78},"end":{"line":40,"column":91}}],"line":40},"10":{"loc":{"start":{"line":42,"column":28},"end":{"line":42,"column":107}},"type":"cond-expr","locations":[{"start":{"line":42,"column":86},"end":{"line":42,"column":92}},{"start":{"line":42,"column":95},"end":{"line":42,"column":107}}],"line":42},"11":{"loc":{"start":{"line":42,"column":28},"end":{"line":42,"column":83}},"type":"binary-expr","locations":[{"start":{"line":42,"column":28},"end":{"line":42,"column":66}},{"start":{"line":42,"column":70},"end":{"line":42,"column":83}}],"line":42},"12":{"loc":{"start":{"line":46,"column":8},"end":{"line":47,"column":24}},"type":"if","locations":[{"start":{"line":46,"column":8},"end":{"line":47,"column":24}},{"start":{},"end":{}}],"line":46},"13":{"loc":{"start":{"line":48,"column":15},"end":{"line":48,"column":63}},"type":"binary-expr","locations":[{"start":{"line":48,"column":15},"end":{"line":48,"column":37}},{"start":{"line":48,"column":41},"end":{"line":48,"column":63}}],"line":48}},"s":{"0":11,"1":11,"2":11,"3":11,"4":11,"5":11,"6":8,"7":8,"8":8,"9":8,"10":8,"11":8,"12":2,"13":8,"14":8,"15":8,"16":8,"17":1,"18":1,"19":1,"20":1,"21":1,"22":1,"23":1,"24":8,"25":8,"26":16,"27":16,"28":15,"29":15,"30":12,"31":6,"32":6,"33":12,"34":8,"35":6,"36":2,"37":11},"f":{"0":8,"1":2,"2":8,"3":1},"b":{"0":[1,7],"1":[0,1],"2":[1,1],"3":[15,1],"4":[12,3],"5":[6,6],"6":[0,6],"7":[6,6],"8":[0,6],"9":[6,6],"10":[0,12],"11":[12,12],"12":[6,2],"13":[2,1]},"inputSourceMap":null,"_coverageSchema":"1a1c01bbd47fc00a2c39e90264f33305004495a9","hash":"644185e9035324fe39a7aeca773eb0ac9afa534e"}
,"/Users/jamal/Tests/test-poker-dkatalis_Achmad/dist/src/services/player-hand/HighCard.js": {"path":"/Users/jamal/Tests/test-poker-dkatalis_Achmad/dist/src/services/player-hand/HighCard.js","statementMap":{"0":{"start":{"line":2,"column":0},"end":{"line":2,"column":62}},"1":{"start":{"line":3,"column":0},"end":{"line":3,"column":26}},"2":{"start":{"line":4,"column":20},"end":{"line":4,"column":46}},"3":{"start":{"line":5,"column":21},"end":{"line":5,"column":44}},"4":{"start":{"line":8,"column":21},"end":{"line":8,"column":53}},"5":{"start":{"line":9,"column":8},"end":{"line":9,"column":27}},"6":{"start":{"line":10,"column":8},"end":{"line":10,"column":23}},"7":{"start":{"line":11,"column":8},"end":{"line":11,"column":23}},"8":{"start":{"line":12,"column":8},"end":{"line":12,"column":31}},"9":{"start":{"line":15,"column":8},"end":{"line":15,"column":63}},"10":{"start":{"line":18,"column":28},"end":{"line":23,"column":10}},"11":{"start":{"line":20,"column":31},"end":{"line":20,"column":88}},"12":{"start":{"line":21,"column":31},"end":{"line":21,"column":88}},"13":{"start":{"line":22,"column":12},"end":{"line":22,"column":43}},"14":{"start":{"line":24,"column":8},"end":{"line":24,"column":61}},"15":{"start":{"line":25,"column":8},"end":{"line":25,"column":61}},"16":{"start":{"line":26,"column":8},"end":{"line":26,"column":20}},"17":{"start":{"line":29,"column":0},"end":{"line":29,"column":28}}},"fnMap":{"0":{"name":"(anonymous_0)","decl":{"start":{"line":7,"column":4},"end":{"line":7,"column":5}},"loc":{"start":{"line":7,"column":23},"end":{"line":13,"column":5}},"line":7},"1":{"name":"(anonymous_1)","decl":{"start":{"line":14,"column":4},"end":{"line":14,"column":5}},"loc":{"start":{"line":14,"column":22},"end":{"line":16,"column":5}},"line":14},"2":{"name":"(anonymous_2)","decl":{"start":{"line":17,"column":4},"end":{"line":17,"column":5}},"loc":{"start":{"line":17,"column":12},"end":{"line":27,"column":5}},"line":17},"3":{"name":"(anonymous_3)","decl":{"start":{"line":19,"column":18},"end":{"line":19,"column":19}},"loc":{"start":{"line":19,"column":36},"end":{"line":23,"column":9}},"line":19}},"branchMap":{"0":{"loc":{"start":{"line":20,"column":31},"end":{"line":20,"column":88}},"type":"cond-expr","locations":[{"start":{"line":20,"column":60},"end":{"line":20,"column":74}},{"start":{"line":20,"column":77},"end":{"line":20,"column":88}}],"line":20},"1":{"loc":{"start":{"line":21,"column":31},"end":{"line":21,"column":88}},"type":"cond-expr","locations":[{"start":{"line":21,"column":60},"end":{"line":21,"column":74}},{"start":{"line":21,"column":77},"end":{"line":21,"column":88}}],"line":21}},"s":{"0":11,"1":11,"2":11,"3":11,"4":5,"5":5,"6":5,"7":5,"8":5,"9":2,"10":5,"11":40,"12":40,"13":40,"14":5,"15":5,"16":5,"17":11},"f":{"0":5,"1":2,"2":5,"3":40},"b":{"0":[8,32],"1":[0,40]},"inputSourceMap":null,"_coverageSchema":"1a1c01bbd47fc00a2c39e90264f33305004495a9","hash":"fea585c6c8d370a95a28c93546aeae370a21d161"}
,"/Users/jamal/Tests/test-poker-dkatalis_Achmad/dist/src/services/player-hand/OnePair.js": {"path":"/Users/jamal/Tests/test-poker-dkatalis_Achmad/dist/src/services/player-hand/OnePair.js","statementMap":{"0":{"start":{"line":2,"column":0},"end":{"line":2,"column":62}},"1":{"start":{"line":3,"column":0},"end":{"line":3,"column":25}},"2":{"start":{"line":4,"column":20},"end":{"line":4,"column":46}},"3":{"start":{"line":5,"column":21},"end":{"line":5,"column":44}},"4":{"start":{"line":8,"column":21},"end":{"line":8,"column":52}},"5":{"start":{"line":9,"column":8},"end":{"line":9,"column":27}},"6":{"start":{"line":10,"column":8},"end":{"line":10,"column":23}},"7":{"start":{"line":11,"column":8},"end":{"line":11,"column":23}},"8":{"start":{"line":12,"column":8},"end":{"line":12,"column":31}},"9":{"start":{"line":15,"column":8},"end":{"line":15,"column":63}},"10":{"start":{"line":18,"column":21},"end":{"line":18,"column":26}},"11":{"start":{"line":19,"column":27},"end":{"line":19,"column":29}},"12":{"start":{"line":20,"column":26},"end":{"line":20,"column":61}},"13":{"start":{"line":20,"column":51},"end":{"line":20,"column":60}},"14":{"start":{"line":21,"column":8},"end":{"line":35,"column":9}},"15":{"start":{"line":21,"column":21},"end":{"line":21,"column":22}},"16":{"start":{"line":22,"column":39},"end":{"line":22,"column":53}},"17":{"start":{"line":23,"column":12},"end":{"line":23,"column":43}},"18":{"start":{"line":24,"column":44},"end":{"line":24,"column":84}},"19":{"start":{"line":25,"column":12},"end":{"line":34,"column":13}},"20":{"start":{"line":26,"column":16},"end":{"line":26,"column":35}},"21":{"start":{"line":27,"column":16},"end":{"line":27,"column":57}},"22":{"start":{"line":28,"column":16},"end":{"line":28,"column":41}},"23":{"start":{"line":29,"column":16},"end":{"line":30,"column":84}},"24":{"start":{"line":31,"column":16},"end":{"line":31,"column":37}},"25":{"start":{"line":32,"column":16},"end":{"line":32,"column":30}},"26":{"start":{"line":33,"column":16},"end":{"line":33,"column":97}},"27":{"start":{"line":33,"column":68},"end":{"line":33,"column":95}},"28":{"start":{"line":36,"column":8},"end":{"line":36,"column":36}},"29":{"start":{"line":39,"column":8},"end":{"line":39,"column":28}},"30":{"start":{"line":42,"column":0},"end":{"line":42,"column":26}}},"fnMap":{"0":{"name":"(anonymous_0)","decl":{"start":{"line":7,"column":4},"end":{"line":7,"column":5}},"loc":{"start":{"line":7,"column":23},"end":{"line":13,"column":5}},"line":7},"1":{"name":"(anonymous_1)","decl":{"start":{"line":14,"column":4},"end":{"line":14,"column":5}},"loc":{"start":{"line":14,"column":22},"end":{"line":16,"column":5}},"line":14},"2":{"name":"(anonymous_2)","decl":{"start":{"line":17,"column":4},"end":{"line":17,"column":5}},"loc":{"start":{"line":17,"column":12},"end":{"line":37,"column":5}},"line":17},"3":{"name":"(anonymous_3)","decl":{"start":{"line":20,"column":41},"end":{"line":20,"column":42}},"loc":{"start":{"line":20,"column":51},"end":{"line":20,"column":60}},"line":20},"4":{"name":"(anonymous_4)","decl":{"start":{"line":33,"column":51},"end":{"line":33,"column":52}},"loc":{"start":{"line":33,"column":68},"end":{"line":33,"column":95}},"line":33},"5":{"name":"(anonymous_5)","decl":{"start":{"line":38,"column":4},"end":{"line":38,"column":5}},"loc":{"start":{"line":38,"column":12},"end":{"line":40,"column":5}},"line":38}},"branchMap":{"0":{"loc":{"start":{"line":25,"column":12},"end":{"line":34,"column":13}},"type":"if","locations":[{"start":{"line":25,"column":12},"end":{"line":34,"column":13}},{"start":{},"end":{}}],"line":25},"1":{"loc":{"start":{"line":29,"column":28},"end":{"line":30,"column":83}},"type":"cond-expr","locations":[{"start":{"line":30,"column":22},"end":{"line":30,"column":40}},{"start":{"line":30,"column":43},"end":{"line":30,"column":83}}],"line":29},"2":{"loc":{"start":{"line":36,"column":15},"end":{"line":36,"column":35}},"type":"cond-expr","locations":[{"start":{"line":36,"column":24},"end":{"line":36,"column":28}},{"start":{"line":36,"column":31},"end":{"line":36,"column":35}}],"line":36}},"s":{"0":11,"1":11,"2":11,"3":11,"4":28,"5":28,"6":28,"7":28,"8":28,"9":2,"10":28,"11":28,"12":28,"13":107,"14":28,"15":28,"16":47,"17":47,"18":47,"19":47,"20":22,"21":22,"22":22,"23":22,"24":22,"25":22,"26":22,"27":82,"28":28,"29":6,"30":11},"f":{"0":28,"1":2,"2":28,"3":107,"4":82,"5":6},"b":{"0":[22,25],"1":[21,1],"2":[22,6]},"inputSourceMap":null,"_coverageSchema":"1a1c01bbd47fc00a2c39e90264f33305004495a9","hash":"0675bbe20bebf9768ba1ecb4f65f300bca2ad1d4"}
,"/Users/jamal/Tests/test-poker-dkatalis_Achmad/dist/src/services/player-hand/PlayerHand.js": {"path":"/Users/jamal/Tests/test-poker-dkatalis_Achmad/dist/src/services/player-hand/PlayerHand.js","statementMap":{"0":{"start":{"line":2,"column":0},"end":{"line":2,"column":62}},"1":{"start":{"line":3,"column":0},"end":{"line":3,"column":28}},"2":{"start":{"line":4,"column":20},"end":{"line":4,"column":46}},"3":{"start":{"line":5,"column":15},"end":{"line":5,"column":43}},"4":{"start":{"line":8,"column":8},"end":{"line":8,"column":25}},"5":{"start":{"line":9,"column":8},"end":{"line":9,"column":103}},"6":{"start":{"line":9,"column":72},"end":{"line":9,"column":93}},"7":{"start":{"line":12,"column":8},"end":{"line":12,"column":20}},"8":{"start":{"line":15,"column":35},"end":{"line":15,"column":82}},"9":{"start":{"line":16,"column":31},"end":{"line":16,"column":74}},"10":{"start":{"line":17,"column":8},"end":{"line":18,"column":55}},"11":{"start":{"line":18,"column":12},"end":{"line":18,"column":55}},"12":{"start":{"line":19,"column":8},"end":{"line":54,"column":9}},"13":{"start":{"line":22,"column":16},"end":{"line":22,"column":113}},"14":{"start":{"line":28,"column":37},"end":{"line":28,"column":82}},"15":{"start":{"line":29,"column":43},"end":{"line":29,"column":84}},"16":{"start":{"line":30,"column":16},"end":{"line":31,"column":61}},"17":{"start":{"line":31,"column":20},"end":{"line":31,"column":61}},"18":{"start":{"line":32,"column":37},"end":{"line":32,"column":77}},"19":{"start":{"line":33,"column":43},"end":{"line":33,"column":79}},"20":{"start":{"line":34,"column":16},"end":{"line":34,"column":57}},"21":{"start":{"line":39,"column":16},"end":{"line":39,"column":103}},"22":{"start":{"line":46,"column":37},"end":{"line":46,"column":77}},"23":{"start":{"line":47,"column":42},"end":{"line":47,"column":78}},"24":{"start":{"line":48,"column":16},"end":{"line":49,"column":60}},"25":{"start":{"line":49,"column":20},"end":{"line":49,"column":60}},"26":{"start":{"line":50,"column":37},"end":{"line":50,"column":82}},"27":{"start":{"line":51,"column":42},"end":{"line":51,"column":83}},"28":{"start":{"line":52,"column":16},"end":{"line":52,"column":56}},"29":{"start":{"line":55,"column":8},"end":{"line":55,"column":21}},"30":{"start":{"line":58,"column":0},"end":{"line":58,"column":32}}},"fnMap":{"0":{"name":"(anonymous_0)","decl":{"start":{"line":7,"column":4},"end":{"line":7,"column":5}},"loc":{"start":{"line":7,"column":29},"end":{"line":10,"column":5}},"line":7},"1":{"name":"(anonymous_1)","decl":{"start":{"line":9,"column":62},"end":{"line":9,"column":63}},"loc":{"start":{"line":9,"column":72},"end":{"line":9,"column":93}},"line":9},"2":{"name":"(anonymous_2)","decl":{"start":{"line":11,"column":4},"end":{"line":11,"column":5}},"loc":{"start":{"line":11,"column":12},"end":{"line":13,"column":5}},"line":11},"3":{"name":"(anonymous_3)","decl":{"start":{"line":14,"column":4},"end":{"line":14,"column":5}},"loc":{"start":{"line":14,"column":39},"end":{"line":56,"column":5}},"line":14}},"branchMap":{"0":{"loc":{"start":{"line":9,"column":21},"end":{"line":9,"column":102}},"type":"cond-expr","locations":[{"start":{"line":9,"column":52},"end":{"line":9,"column":94}},{"start":{"line":9,"column":97},"end":{"line":9,"column":102}}],"line":9},"1":{"loc":{"start":{"line":17,"column":8},"end":{"line":18,"column":55}},"type":"if","locations":[{"start":{"line":17,"column":8},"end":{"line":18,"column":55}},{"start":{},"end":{}}],"line":17},"2":{"loc":{"start":{"line":19,"column":8},"end":{"line":54,"column":9}},"type":"switch","locations":[{"start":{"line":21,"column":12},"end":{"line":23,"column":13}},{"start":{"line":25,"column":12},"end":{"line":25,"column":55}},{"start":{"line":26,"column":12},"end":{"line":26,"column":51}},{"start":{"line":27,"column":12},"end":{"line":35,"column":13}},{"start":{"line":37,"column":12},"end":{"line":37,"column":53}},{"start":{"line":38,"column":12},"end":{"line":40,"column":13}},{"start":{"line":42,"column":12},"end":{"line":42,"column":50}},{"start":{"line":43,"column":12},"end":{"line":43,"column":50}},{"start":{"line":44,"column":12},"end":{"line":44,"column":49}},{"start":{"line":45,"column":12},"end":{"line":53,"column":13}}],"line":19},"3":{"loc":{"start":{"line":30,"column":16},"end":{"line":31,"column":61}},"type":"if","locations":[{"start":{"line":30,"column":16},"end":{"line":31,"column":61}},{"start":{},"end":{}}],"line":30},"4":{"loc":{"start":{"line":48,"column":16},"end":{"line":49,"column":60}},"type":"if","locations":[{"start":{"line":48,"column":16},"end":{"line":49,"column":60}},{"start":{},"end":{}}],"line":48}},"s":{"0":11,"1":11,"2":11,"3":11,"4":121,"5":121,"6":0,"7":1,"8":18,"9":18,"10":18,"11":2,"12":16,"13":0,"14":4,"15":4,"16":4,"17":2,"18":2,"19":2,"20":2,"21":4,"22":8,"23":8,"24":8,"25":7,"26":1,"27":1,"28":1,"29":0,"30":11},"f":{"0":121,"1":0,"2":1,"3":18},"b":{"0":[0,121],"1":[2,16],"2":[0,0,2,4,2,4,2,4,6,8],"3":[2,2],"4":[7,1]},"inputSourceMap":null,"_coverageSchema":"1a1c01bbd47fc00a2c39e90264f33305004495a9","hash":"073eea9b0a538683857f96fee36613aaafe006b7"}
,"/Users/jamal/Tests/test-poker-dkatalis_Achmad/dist/src/services/player-hand/Straight.js": {"path":"/Users/jamal/Tests/test-poker-dkatalis_Achmad/dist/src/services/player-hand/Straight.js","statementMap":{"0":{"start":{"line":2,"column":0},"end":{"line":2,"column":62}},"1":{"start":{"line":3,"column":0},"end":{"line":3,"column":26}},"2":{"start":{"line":4,"column":20},"end":{"line":4,"column":46}},"3":{"start":{"line":5,"column":21},"end":{"line":5,"column":44}},"4":{"start":{"line":8,"column":21},"end":{"line":8,"column":53}},"5":{"start":{"line":9,"column":8},"end":{"line":9,"column":27}},"6":{"start":{"line":10,"column":8},"end":{"line":10,"column":23}},"7":{"start":{"line":11,"column":8},"end":{"line":11,"column":23}},"8":{"start":{"line":12,"column":8},"end":{"line":12,"column":31}},"9":{"start":{"line":15,"column":8},"end":{"line":15,"column":63}},"10":{"start":{"line":18,"column":21},"end":{"line":18,"column":25}},"11":{"start":{"line":19,"column":22},"end":{"line":19,"column":26}},"12":{"start":{"line":20,"column":28},"end":{"line":30,"column":10}},"13":{"start":{"line":22,"column":12},"end":{"line":25,"column":13}},"14":{"start":{"line":23,"column":16},"end":{"line":23,"column":31}},"15":{"start":{"line":24,"column":16},"end":{"line":24,"column":29}},"16":{"start":{"line":26,"column":12},"end":{"line":26,"column":24}},"17":{"start":{"line":29,"column":12},"end":{"line":29,"column":45}},"18":{"start":{"line":31,"column":8},"end":{"line":32,"column":24}},"19":{"start":{"line":32,"column":12},"end":{"line":32,"column":24}},"20":{"start":{"line":33,"column":8},"end":{"line":40,"column":9}},"21":{"start":{"line":33,"column":21},"end":{"line":33,"column":22}},"22":{"start":{"line":34,"column":30},"end":{"line":34,"column":50}},"23":{"start":{"line":35,"column":34},"end":{"line":35,"column":58}},"24":{"start":{"line":36,"column":12},"end":{"line":39,"column":13}},"25":{"start":{"line":37,"column":16},"end":{"line":37,"column":31}},"26":{"start":{"line":38,"column":16},"end":{"line":38,"column":39}},"27":{"start":{"line":41,"column":8},"end":{"line":42,"column":24}},"28":{"start":{"line":42,"column":12},"end":{"line":42,"column":24}},"29":{"start":{"line":43,"column":8},"end":{"line":43,"column":61}},"30":{"start":{"line":44,"column":8},"end":{"line":44,"column":61}},"31":{"start":{"line":45,"column":8},"end":{"line":51,"column":9}},"32":{"start":{"line":46,"column":12},"end":{"line":50,"column":13}},"33":{"start":{"line":47,"column":16},"end":{"line":47,"column":41}},"34":{"start":{"line":48,"column":16},"end":{"line":48,"column":41}},"35":{"start":{"line":49,"column":16},"end":{"line":49,"column":30}},"36":{"start":{"line":52,"column":8},"end":{"line":52,"column":20}},"37":{"start":{"line":55,"column":8},"end":{"line":55,"column":28}},"38":{"start":{"line":58,"column":0},"end":{"line":58,"column":28}}},"fnMap":{"0":{"name":"(anonymous_0)","decl":{"start":{"line":7,"column":4},"end":{"line":7,"column":5}},"loc":{"start":{"line":7,"column":23},"end":{"line":13,"column":5}},"line":7},"1":{"name":"(anonymous_1)","decl":{"start":{"line":14,"column":4},"end":{"line":14,"column":5}},"loc":{"start":{"line":14,"column":22},"end":{"line":16,"column":5}},"line":14},"2":{"name":"(anonymous_2)","decl":{"start":{"line":17,"column":4},"end":{"line":17,"column":5}},"loc":{"start":{"line":17,"column":12},"end":{"line":53,"column":5}},"line":17},"3":{"name":"(anonymous_3)","decl":{"start":{"line":21,"column":20},"end":{"line":21,"column":21}},"loc":{"start":{"line":21,"column":30},"end":{"line":27,"column":9}},"line":21},"4":{"name":"(anonymous_4)","decl":{"start":{"line":28,"column":18},"end":{"line":28,"column":19}},"loc":{"start":{"line":28,"column":36},"end":{"line":30,"column":9}},"line":28},"5":{"name":"(anonymous_5)","decl":{"start":{"line":54,"column":4},"end":{"line":54,"column":5}},"loc":{"start":{"line":54,"column":12},"end":{"line":56,"column":5}},"line":54}},"branchMap":{"0":{"loc":{"start":{"line":22,"column":12},"end":{"line":25,"column":13}},"type":"if","locations":[{"start":{"line":22,"column":12},"end":{"line":25,"column":13}},{"start":{},"end":{}}],"line":22},"1":{"loc":{"start":{"line":31,"column":8},"end":{"line":32,"column":24}},"type":"if","locations":[{"start":{"line":31,"column":8},"end":{"line":32,"column":24}},{"start":{},"end":{}}],"line":31},"2":{"loc":{"start":{"line":36,"column":12},"end":{"line":39,"column":13}},"type":"if","locations":[{"start":{"line":36,"column":12},"end":{"line":39,"column":13}},{"start":{},"end":{}}],"line":36},"3":{"loc":{"start":{"line":41,"column":8},"end":{"line":42,"column":24}},"type":"if","locations":[{"start":{"line":41,"column":8},"end":{"line":42,"column":24}},{"start":{},"end":{}}],"line":41},"4":{"loc":{"start":{"line":45,"column":8},"end":{"line":51,"column":9}},"type":"if","locations":[{"start":{"line":45,"column":8},"end":{"line":51,"column":9}},{"start":{},"end":{}}],"line":45},"5":{"loc":{"start":{"line":46,"column":12},"end":{"line":50,"column":13}},"type":"if","locations":[{"start":{"line":46,"column":12},"end":{"line":50,"column":13}},{"start":{},"end":{}}],"line":46}},"s":{"0":11,"1":11,"2":11,"3":11,"4":15,"5":15,"6":15,"7":15,"8":15,"9":2,"10":15,"11":15,"12":15,"13":75,"14":6,"15":6,"16":69,"17":61,"18":15,"19":0,"20":15,"21":15,"22":52,"23":52,"24":52,"25":2,"26":2,"27":15,"28":2,"29":13,"30":13,"31":13,"32":5,"33":3,"34":3,"35":3,"36":13,"37":6,"38":11},"f":{"0":15,"1":2,"2":15,"3":75,"4":61,"5":6},"b":{"0":[6,69],"1":[0,15],"2":[2,50],"3":[2,13],"4":[5,8],"5":[3,2]},"inputSourceMap":null,"_coverageSchema":"1a1c01bbd47fc00a2c39e90264f33305004495a9","hash":"6efa7717196861fe21b3fee010c092d9c3573c50"}
,"/Users/jamal/Tests/test-poker-dkatalis_Achmad/dist/src/services/player-hand/StraightFlush.js": {"path":"/Users/jamal/Tests/test-poker-dkatalis_Achmad/dist/src/services/player-hand/StraightFlush.js","statementMap":{"0":{"start":{"line":2,"column":0},"end":{"line":2,"column":62}},"1":{"start":{"line":3,"column":0},"end":{"line":3,"column":31}},"2":{"start":{"line":4,"column":20},"end":{"line":4,"column":46}},"3":{"start":{"line":5,"column":16},"end":{"line":5,"column":34}},"4":{"start":{"line":6,"column":21},"end":{"line":6,"column":44}},"5":{"start":{"line":7,"column":19},"end":{"line":7,"column":40}},"6":{"start":{"line":10,"column":21},"end":{"line":10,"column":58}},"7":{"start":{"line":11,"column":8},"end":{"line":11,"column":27}},"8":{"start":{"line":12,"column":8},"end":{"line":12,"column":58}},"9":{"start":{"line":13,"column":8},"end":{"line":13,"column":23}},"10":{"start":{"line":14,"column":8},"end":{"line":14,"column":23}},"11":{"start":{"line":15,"column":8},"end":{"line":15,"column":31}},"12":{"start":{"line":18,"column":8},"end":{"line":18,"column":63}},"13":{"start":{"line":22,"column":36},"end":{"line":22,"column":38}},"14":{"start":{"line":23,"column":8},"end":{"line":36,"column":9}},"15":{"start":{"line":23,"column":21},"end":{"line":23,"column":22}},"16":{"start":{"line":24,"column":25},"end":{"line":24,"column":38}},"17":{"start":{"line":25,"column":35},"end":{"line":25,"column":55}},"18":{"start":{"line":26,"column":12},"end":{"line":26,"column":60}},"19":{"start":{"line":27,"column":12},"end":{"line":29,"column":13}},"20":{"start":{"line":28,"column":16},"end":{"line":28,"column":103}},"21":{"start":{"line":30,"column":12},"end":{"line":35,"column":13}},"22":{"start":{"line":31,"column":29},"end":{"line":31,"column":103}},"23":{"start":{"line":32,"column":16},"end":{"line":32,"column":33}},"24":{"start":{"line":33,"column":16},"end":{"line":34,"column":46}},"25":{"start":{"line":34,"column":20},"end":{"line":34,"column":46}},"26":{"start":{"line":37,"column":8},"end":{"line":38,"column":24}},"27":{"start":{"line":38,"column":12},"end":{"line":38,"column":24}},"28":{"start":{"line":39,"column":8},"end":{"line":39,"column":64}},"29":{"start":{"line":42,"column":0},"end":{"line":42,"column":38}}},"fnMap":{"0":{"name":"(anonymous_0)","decl":{"start":{"line":9,"column":4},"end":{"line":9,"column":5}},"loc":{"start":{"line":9,"column":23},"end":{"line":16,"column":5}},"line":9},"1":{"name":"(anonymous_1)","decl":{"start":{"line":17,"column":4},"end":{"line":17,"column":5}},"loc":{"start":{"line":17,"column":22},"end":{"line":19,"column":5}},"line":17},"2":{"name":"(anonymous_2)","decl":{"start":{"line":20,"column":4},"end":{"line":20,"column":5}},"loc":{"start":{"line":20,"column":12},"end":{"line":40,"column":5}},"line":20}},"branchMap":{"0":{"loc":{"start":{"line":27,"column":12},"end":{"line":29,"column":13}},"type":"if","locations":[{"start":{"line":27,"column":12},"end":{"line":29,"column":13}},{"start":{},"end":{}}],"line":27},"1":{"loc":{"start":{"line":27,"column":17},"end":{"line":27,"column":91}},"type":"cond-expr","locations":[{"start":{"line":27,"column":75},"end":{"line":27,"column":81}},{"start":{"line":27,"column":84},"end":{"line":27,"column":91}}],"line":27},"2":{"loc":{"start":{"line":27,"column":17},"end":{"line":27,"column":72}},"type":"binary-expr","locations":[{"start":{"line":27,"column":17},"end":{"line":27,"column":55}},{"start":{"line":27,"column":59},"end":{"line":27,"column":72}}],"line":27},"3":{"loc":{"start":{"line":28,"column":28},"end":{"line":28,"column":102}},"type":"cond-expr","locations":[{"start":{"line":28,"column":86},"end":{"line":28,"column":92}},{"start":{"line":28,"column":95},"end":{"line":28,"column":102}}],"line":28},"4":{"loc":{"start":{"line":28,"column":28},"end":{"line":28,"column":83}},"type":"binary-expr","locations":[{"start":{"line":28,"column":28},"end":{"line":28,"column":66}},{"start":{"line":28,"column":70},"end":{"line":28,"column":83}}],"line":28},"5":{"loc":{"start":{"line":30,"column":12},"end":{"line":35,"column":13}},"type":"if","locations":[{"start":{"line":30,"column":12},"end":{"line":35,"column":13}},{"start":{},"end":{}}],"line":30},"6":{"loc":{"start":{"line":30,"column":17},"end":{"line":30,"column":91}},"type":"cond-expr","locations":[{"start":{"line":30,"column":75},"end":{"line":30,"column":81}},{"start":{"line":30,"column":84},"end":{"line":30,"column":91}}],"line":30},"7":{"loc":{"start":{"line":30,"column":17},"end":{"line":30,"column":72}},"type":"binary-expr","locations":[{"start":{"line":30,"column":17},"end":{"line":30,"column":55}},{"start":{"line":30,"column":59},"end":{"line":30,"column":72}}],"line":30},"8":{"loc":{"start":{"line":31,"column":29},"end":{"line":31,"column":103}},"type":"cond-expr","locations":[{"start":{"line":31,"column":87},"end":{"line":31,"column":93}},{"start":{"line":31,"column":96},"end":{"line":31,"column":103}}],"line":31},"9":{"loc":{"start":{"line":31,"column":29},"end":{"line":31,"column":84}},"type":"binary-expr","locations":[{"start":{"line":31,"column":29},"end":{"line":31,"column":67}},{"start":{"line":31,"column":71},"end":{"line":31,"column":84}}],"line":31},"10":{"loc":{"start":{"line":33,"column":16},"end":{"line":34,"column":46}},"type":"if","locations":[{"start":{"line":33,"column":16},"end":{"line":34,"column":46}},{"start":{},"end":{}}],"line":33},"11":{"loc":{"start":{"line":37,"column":8},"end":{"line":38,"column":24}},"type":"if","locations":[{"start":{"line":37,"column":8},"end":{"line":38,"column":24}},{"start":{},"end":{}}],"line":37},"12":{"loc":{"start":{"line":39,"column":15},"end":{"line":39,"column":63}},"type":"binary-expr","locations":[{"start":{"line":39,"column":15},"end":{"line":39,"column":37}},{"start":{"line":39,"column":41},"end":{"line":39,"column":63}}],"line":39}},"s":{"0":11,"1":11,"2":11,"3":11,"4":11,"5":11,"6":9,"7":9,"8":9,"9":9,"10":9,"11":9,"12":2,"13":9,"14":9,"15":9,"16":18,"17":18,"18":18,"19":18,"20":8,"21":18,"22":8,"23":8,"24":8,"25":3,"26":9,"27":7,"28":2,"29":11},"f":{"0":9,"1":2,"2":9},"b":{"0":[8,10],"1":[2,16],"2":[18,16],"3":[0,8],"4":[8,8],"5":[8,10],"6":[2,16],"7":[18,16],"8":[0,8],"9":[8,8],"10":[3,5],"11":[7,2],"12":[2,1]},"inputSourceMap":null,"_coverageSchema":"1a1c01bbd47fc00a2c39e90264f33305004495a9","hash":"961dbca8595b9ab451671c50672057b2ce505215"}
,"/Users/jamal/Tests/test-poker-dkatalis_Achmad/dist/src/services/player-hand/ThreeOfAKind.js": {"path":"/Users/jamal/Tests/test-poker-dkatalis_Achmad/dist/src/services/player-hand/ThreeOfAKind.js","statementMap":{"0":{"start":{"line":2,"column":0},"end":{"line":2,"column":62}},"1":{"start":{"line":3,"column":0},"end":{"line":3,"column":30}},"2":{"start":{"line":4,"column":20},"end":{"line":4,"column":46}},"3":{"start":{"line":5,"column":21},"end":{"line":5,"column":44}},"4":{"start":{"line":8,"column":21},"end":{"line":8,"column":57}},"5":{"start":{"line":9,"column":8},"end":{"line":9,"column":27}},"6":{"start":{"line":10,"column":8},"end":{"line":10,"column":23}},"7":{"start":{"line":11,"column":8},"end":{"line":11,"column":23}},"8":{"start":{"line":12,"column":8},"end":{"line":12,"column":35}},"9":{"start":{"line":13,"column":8},"end":{"line":13,"column":31}},"10":{"start":{"line":16,"column":8},"end":{"line":16,"column":63}},"11":{"start":{"line":19,"column":21},"end":{"line":19,"column":26}},"12":{"start":{"line":20,"column":33},"end":{"line":20,"column":35}},"13":{"start":{"line":21,"column":8},"end":{"line":40,"column":9}},"14":{"start":{"line":21,"column":21},"end":{"line":21,"column":22}},"15":{"start":{"line":22,"column":25},"end":{"line":22,"column":38}},"16":{"start":{"line":23,"column":12},"end":{"line":39,"column":13}},"17":{"start":{"line":24,"column":16},"end":{"line":24,"column":49}},"18":{"start":{"line":25,"column":16},"end":{"line":35,"column":17}},"19":{"start":{"line":26,"column":20},"end":{"line":26,"column":42}},"20":{"start":{"line":27,"column":20},"end":{"line":27,"column":42}},"21":{"start":{"line":28,"column":47},"end":{"line":28,"column":48}},"22":{"start":{"line":29,"column":20},"end":{"line":33,"column":23}},"23":{"start":{"line":30,"column":24},"end":{"line":31,"column":51}},"24":{"start":{"line":31,"column":28},"end":{"line":31,"column":51}},"25":{"start":{"line":32,"column":24},"end":{"line":32,"column":87}},"26":{"start":{"line":34,"column":20},"end":{"line":34,"column":34}},"27":{"start":{"line":38,"column":16},"end":{"line":38,"column":48}},"28":{"start":{"line":41,"column":8},"end":{"line":41,"column":49}},"29":{"start":{"line":42,"column":8},"end":{"line":42,"column":36}},"30":{"start":{"line":45,"column":31},"end":{"line":45,"column":32}},"31":{"start":{"line":46,"column":8},"end":{"line":49,"column":9}},"32":{"start":{"line":47,"column":12},"end":{"line":48,"column":64}},"33":{"start":{"line":50,"column":8},"end":{"line":50,"column":38}},"34":{"start":{"line":53,"column":8},"end":{"line":53,"column":28}},"35":{"start":{"line":56,"column":0},"end":{"line":56,"column":36}}},"fnMap":{"0":{"name":"(anonymous_0)","decl":{"start":{"line":7,"column":4},"end":{"line":7,"column":5}},"loc":{"start":{"line":7,"column":23},"end":{"line":14,"column":5}},"line":7},"1":{"name":"(anonymous_1)","decl":{"start":{"line":15,"column":4},"end":{"line":15,"column":5}},"loc":{"start":{"line":15,"column":22},"end":{"line":17,"column":5}},"line":15},"2":{"name":"(anonymous_2)","decl":{"start":{"line":18,"column":4},"end":{"line":18,"column":5}},"loc":{"start":{"line":18,"column":12},"end":{"line":43,"column":5}},"line":18},"3":{"name":"(anonymous_3)","decl":{"start":{"line":29,"column":55},"end":{"line":29,"column":56}},"loc":{"start":{"line":29,"column":69},"end":{"line":33,"column":21}},"line":29},"4":{"name":"(anonymous_4)","decl":{"start":{"line":44,"column":4},"end":{"line":44,"column":5}},"loc":{"start":{"line":44,"column":17},"end":{"line":51,"column":5}},"line":44},"5":{"name":"(anonymous_5)","decl":{"start":{"line":52,"column":4},"end":{"line":52,"column":5}},"loc":{"start":{"line":52,"column":12},"end":{"line":54,"column":5}},"line":52}},"branchMap":{"0":{"loc":{"start":{"line":23,"column":12},"end":{"line":39,"column":13}},"type":"if","locations":[{"start":{"line":23,"column":12},"end":{"line":39,"column":13}},{"start":{"line":37,"column":17},"end":{"line":39,"column":13}}],"line":23},"1":{"loc":{"start":{"line":25,"column":16},"end":{"line":35,"column":17}},"type":"if","locations":[{"start":{"line":25,"column":16},"end":{"line":35,"column":17}},{"start":{},"end":{}}],"line":25},"2":{"loc":{"start":{"line":30,"column":24},"end":{"line":31,"column":51}},"type":"if","locations":[{"start":{"line":30,"column":24},"end":{"line":31,"column":51}},{"start":{},"end":{}}],"line":30},"3":{"loc":{"start":{"line":32,"column":31},"end":{"line":32,"column":86}},"type":"binary-expr","locations":[{"start":{"line":32,"column":31},"end":{"line":32,"column":58}},{"start":{"line":32,"column":62},"end":{"line":32,"column":86}}],"line":32},"4":{"loc":{"start":{"line":42,"column":15},"end":{"line":42,"column":35}},"type":"cond-expr","locations":[{"start":{"line":42,"column":24},"end":{"line":42,"column":28}},{"start":{"line":42,"column":31},"end":{"line":42,"column":35}}],"line":42},"5":{"loc":{"start":{"line":47,"column":31},"end":{"line":48,"column":63}},"type":"cond-expr","locations":[{"start":{"line":48,"column":18},"end":{"line":48,"column":34}},{"start":{"line":48,"column":37},"end":{"line":48,"column":63}}],"line":47}},"s":{"0":11,"1":11,"2":11,"3":11,"4":23,"5":23,"6":23,"7":23,"8":23,"9":23,"10":2,"11":23,"12":23,"13":23,"14":23,"15":115,"16":115,"17":54,"18":54,"19":20,"20":20,"21":20,"22":20,"23":100,"24":67,"25":100,"26":20,"27":61,"28":23,"29":23,"30":8,"31":8,"32":17,"33":8,"34":6,"35":11},"f":{"0":23,"1":2,"2":23,"3":100,"4":8,"5":6},"b":{"0":[54,61],"1":[20,34],"2":[67,33],"3":[100,67],"4":[20,3],"5":[1,16]},"inputSourceMap":null,"_coverageSchema":"1a1c01bbd47fc00a2c39e90264f33305004495a9","hash":"222fd6ba14c27e9675e829fd567177594528b3fa"}
,"/Users/jamal/Tests/test-poker-dkatalis_Achmad/dist/src/services/player-hand/TwoPair.js": {"path":"/Users/jamal/Tests/test-poker-dkatalis_Achmad/dist/src/services/player-hand/TwoPair.js","statementMap":{"0":{"start":{"line":2,"column":0},"end":{"line":2,"column":62}},"1":{"start":{"line":3,"column":0},"end":{"line":3,"column":25}},"2":{"start":{"line":4,"column":20},"end":{"line":4,"column":46}},"3":{"start":{"line":5,"column":18},"end":{"line":5,"column":38}},"4":{"start":{"line":6,"column":21},"end":{"line":6,"column":44}},"5":{"start":{"line":9,"column":21},"end":{"line":9,"column":53}},"6":{"start":{"line":10,"column":8},"end":{"line":10,"column":27}},"7":{"start":{"line":11,"column":8},"end":{"line":11,"column":60}},"8":{"start":{"line":12,"column":8},"end":{"line":12,"column":23}},"9":{"start":{"line":13,"column":8},"end":{"line":13,"column":23}},"10":{"start":{"line":14,"column":8},"end":{"line":14,"column":31}},"11":{"start":{"line":17,"column":8},"end":{"line":17,"column":63}},"12":{"start":{"line":20,"column":36},"end":{"line":20,"column":38}},"13":{"start":{"line":21,"column":20},"end":{"line":21,"column":30}},"14":{"start":{"line":22,"column":26},"end":{"line":22,"column":36}},"15":{"start":{"line":23,"column":8},"end":{"line":30,"column":9}},"16":{"start":{"line":24,"column":12},"end":{"line":24,"column":55}},"17":{"start":{"line":25,"column":12},"end":{"line":25,"column":55}},"18":{"start":{"line":26,"column":31},"end":{"line":26,"column":118}},"19":{"start":{"line":26,"column":61},"end":{"line":26,"column":117}},"20":{"start":{"line":27,"column":12},"end":{"line":27,"column":72}},"21":{"start":{"line":28,"column":12},"end":{"line":28,"column":43}},"22":{"start":{"line":29,"column":12},"end":{"line":29,"column":56}},"23":{"start":{"line":31,"column":8},"end":{"line":45,"column":9}},"24":{"start":{"line":31,"column":21},"end":{"line":31,"column":22}},"25":{"start":{"line":32,"column":25},"end":{"line":32,"column":38}},"26":{"start":{"line":33,"column":33},"end":{"line":33,"column":56}},"27":{"start":{"line":34,"column":12},"end":{"line":34,"column":50}},"28":{"start":{"line":35,"column":12},"end":{"line":44,"column":13}},"29":{"start":{"line":36,"column":16},"end":{"line":36,"column":47}},"30":{"start":{"line":37,"column":16},"end":{"line":39,"column":17}},"31":{"start":{"line":38,"column":20},"end":{"line":38,"column":50}},"32":{"start":{"line":40,"column":16},"end":{"line":43,"column":17}},"33":{"start":{"line":42,"column":20},"end":{"line":42,"column":50}},"34":{"start":{"line":46,"column":8},"end":{"line":47,"column":24}},"35":{"start":{"line":47,"column":12},"end":{"line":47,"column":24}},"36":{"start":{"line":48,"column":8},"end":{"line":48,"column":64}},"37":{"start":{"line":52,"column":0},"end":{"line":52,"column":26}}},"fnMap":{"0":{"name":"(anonymous_0)","decl":{"start":{"line":8,"column":4},"end":{"line":8,"column":5}},"loc":{"start":{"line":8,"column":23},"end":{"line":15,"column":5}},"line":8},"1":{"name":"(anonymous_1)","decl":{"start":{"line":16,"column":4},"end":{"line":16,"column":5}},"loc":{"start":{"line":16,"column":22},"end":{"line":18,"column":5}},"line":16},"2":{"name":"(anonymous_2)","decl":{"start":{"line":19,"column":4},"end":{"line":19,"column":5}},"loc":{"start":{"line":19,"column":37},"end":{"line":50,"column":5}},"line":19},"3":{"name":"(anonymous_3)","decl":{"start":{"line":26,"column":51},"end":{"line":26,"column":52}},"loc":{"start":{"line":26,"column":61},"end":{"line":26,"column":117}},"line":26}},"branchMap":{"0":{"loc":{"start":{"line":23,"column":8},"end":{"line":30,"column":9}},"type":"if","locations":[{"start":{"line":23,"column":8},"end":{"line":30,"column":9}},{"start":{},"end":{}}],"line":23},"1":{"loc":{"start":{"line":35,"column":12},"end":{"line":44,"column":13}},"type":"if","locations":[{"start":{"line":35,"column":12},"end":{"line":44,"column":13}},{"start":{},"end":{}}],"line":35},"2":{"loc":{"start":{"line":37,"column":16},"end":{"line":39,"column":17}},"type":"if","locations":[{"start":{"line":37,"column":16},"end":{"line":39,"column":17}},{"start":{},"end":{}}],"line":37},"3":{"loc":{"start":{"line":40,"column":16},"end":{"line":43,"column":17}},"type":"if","locations":[{"start":{"line":40,"column":16},"end":{"line":43,"column":17}},{"start":{},"end":{}}],"line":40},"4":{"loc":{"start":{"line":40,"column":20},"end":{"line":41,"column":116}},"type":"binary-expr","locations":[{"start":{"line":40,"column":20},"end":{"line":40,"column":105}},{"start":{"line":41,"column":23},"end":{"line":41,"column":116}}],"line":40},"5":{"loc":{"start":{"line":46,"column":8},"end":{"line":47,"column":24}},"type":"if","locations":[{"start":{"line":46,"column":8},"end":{"line":47,"column":24}},{"start":{},"end":{}}],"line":46},"6":{"loc":{"start":{"line":48,"column":15},"end":{"line":48,"column":63}},"type":"binary-expr","locations":[{"start":{"line":48,"column":15},"end":{"line":48,"column":37}},{"start":{"line":48,"column":41},"end":{"line":48,"column":63}}],"line":48}},"s":{"0":11,"1":11,"2":11,"3":11,"4":11,"5":7,"6":7,"7":7,"8":7,"9":7,"10":7,"11":2,"12":7,"13":7,"14":7,"15":7,"16":0,"17":0,"18":0,"19":0,"20":0,"21":0,"22":0,"23":7,"24":7,"25":14,"26":14,"27":14,"28":14,"29":11,"30":11,"31":11,"32":11,"33":11,"34":7,"35":5,"36":2,"37":11},"f":{"0":7,"1":2,"2":7,"3":0},"b":{"0":[0,7],"1":[11,3],"2":[11,0],"3":[11,0],"4":[11,11],"5":[5,2],"6":[2,1]},"inputSourceMap":null,"_coverageSchema":"1a1c01bbd47fc00a2c39e90264f33305004495a9","hash":"e905a123b21ed45d95b63877cbbd2d2f4c696fd0"}
,"/Users/jamal/Tests/test-poker-dkatalis_Achmad/dist/src/services/player-hand/index.js": {"path":"/Users/jamal/Tests/test-poker-dkatalis_Achmad/dist/src/services/player-hand/index.js","statementMap":{"0":{"start":{"line":2,"column":22},"end":{"line":12,"column":3}},"1":{"start":{"line":3,"column":4},"end":{"line":3,"column":33}},"2":{"start":{"line":3,"column":26},"end":{"line":3,"column":33}},"3":{"start":{"line":4,"column":15},"end":{"line":4,"column":52}},"4":{"start":{"line":5,"column":4},"end":{"line":7,"column":5}},"5":{"start":{"line":6,"column":6},"end":{"line":6,"column":68}},"6":{"start":{"line":6,"column":51},"end":{"line":6,"column":63}},"7":{"start":{"line":8,"column":4},"end":{"line":8,"column":39}},"8":{"start":{"line":10,"column":4},"end":{"line":10,"column":33}},"9":{"start":{"line":10,"column":26},"end":{"line":10,"column":33}},"10":{"start":{"line":11,"column":4},"end":{"line":11,"column":17}},"11":{"start":{"line":13,"column":19},"end":{"line":15,"column":1}},"12":{"start":{"line":14,"column":4},"end":{"line":14,"column":126}},"13":{"start":{"line":14,"column":21},"end":{"line":14,"column":126}},"14":{"start":{"line":14,"column":95},"end":{"line":14,"column":126}},"15":{"start":{"line":16,"column":0},"end":{"line":16,"column":62}},"16":{"start":{"line":17,"column":0},"end":{"line":17,"column":47}},"17":{"start":{"line":18,"column":0},"end":{"line":18,"column":42}},"18":{"start":{"line":19,"column":0},"end":{"line":19,"column":48}},"19":{"start":{"line":20,"column":0},"end":{"line":20,"column":46}},"20":{"start":{"line":21,"column":0},"end":{"line":21,"column":45}},"21":{"start":{"line":22,"column":0},"end":{"line":22,"column":44}},"22":{"start":{"line":23,"column":0},"end":{"line":23,"column":45}},"23":{"start":{"line":24,"column":0},"end":{"line":24,"column":50}},"24":{"start":{"line":25,"column":0},"end":{"line":25,"column":49}},"25":{"start":{"line":26,"column":0},"end":{"line":26,"column":44}}},"fnMap":{"0":{"name":"(anonymous_0)","decl":{"start":{"line":2,"column":74},"end":{"line":2,"column":75}},"loc":{"start":{"line":2,"column":96},"end":{"line":9,"column":1}},"line":2},"1":{"name":"(anonymous_1)","decl":{"start":{"line":6,"column":38},"end":{"line":6,"column":39}},"loc":{"start":{"line":6,"column":49},"end":{"line":6,"column":65}},"line":6},"2":{"name":"(anonymous_2)","decl":{"start":{"line":9,"column":6},"end":{"line":9,"column":7}},"loc":{"start":{"line":9,"column":28},"end":{"line":12,"column":1}},"line":9},"3":{"name":"(anonymous_3)","decl":{"start":{"line":13,"column":50},"end":{"line":13,"column":51}},"loc":{"start":{"line":13,"column":71},"end":{"line":15,"column":1}},"line":13}},"branchMap":{"0":{"loc":{"start":{"line":2,"column":22},"end":{"line":12,"column":3}},"type":"binary-expr","locations":[{"start":{"line":2,"column":23},"end":{"line":2,"column":27}},{"start":{"line":2,"column":31},"end":{"line":2,"column":51}},{"start":{"line":2,"column":57},"end":{"line":12,"column":2}}],"line":2},"1":{"loc":{"start":{"line":2,"column":57},"end":{"line":12,"column":2}},"type":"cond-expr","locations":[{"start":{"line":2,"column":74},"end":{"line":9,"column":1}},{"start":{"line":9,"column":6},"end":{"line":12,"column":1}}],"line":2},"2":{"loc":{"start":{"line":3,"column":4},"end":{"line":3,"column":33}},"type":"if","locations":[{"start":{"line":3,"column":4},"end":{"line":3,"column":33}},{"start":{},"end":{}}],"line":3},"3":{"loc":{"start":{"line":5,"column":4},"end":{"line":7,"column":5}},"type":"if","locations":[{"start":{"line":5,"column":4},"end":{"line":7,"column":5}},{"start":{},"end":{}}],"line":5},"4":{"loc":{"start":{"line":5,"column":8},"end":{"line":5,"column":85}},"type":"binary-expr","locations":[{"start":{"line":5,"column":8},"end"
[...]
,"/Users/jamal/Tests/test-poker-dkatalis_Achmad/src/services/player-hand/StraightFlush.ts": {"path":"/Users/jamal/Tests/test-poker-dkatalis_Achmad/src/services/player-hand/StraightFlush.ts","statementMap":{"0":{"start":{"line":1,"column":0},"end":{"line":1,"column":46}},"1":{"start":{"line":3,"column":0},"end":{"line":3,"column":32}},"2":{"start":{"line":4,"column":0},"end":{"line":4,"column":58}},"3":{"start":{"line":5,"column":0},"end":{"line":5,"column":38}},"4":{"start":{"line":14,"column":21},"end":{"line":14,"column":46}},"5":{"start":{"line":15,"column":8},"end":{"line":15,"column":27}},"6":{"start":{"line":8,"column":12},"end":{"line":8,"column":null}},"7":{"start":{"line":10,"column":11},"end":{"line":10,"column":null}},"8":{"start":{"line":11,"column":11},"end":{"line":11,"column":null}},"9":{"start":{"line":16,"column":8},"end":{"line":16,"column":null}},"10":{"start":{"line":20,"column":8},"end":{"line":20,"column":null}},"11":{"start":{"line":24,"column":63},"end":{"line":24,"column":65}},"12":{"start":{"line":25,"column":8},"end":{"line":37,"column":null}},"13":{"start":{"line":25,"column":21},"end":{"line":25,"column":22}},"14":{"start":{"line":26,"column":25},"end":{"line":26,"column":38}},"15":{"start":{"line":27,"column":35},"end":{"line":27,"column":55}},"16":{"start":{"line":28,"column":12},"end":{"line":28,"column":null}},"17":{"start":{"line":29,"column":12},"end":{"line":31,"column":null}},"18":{"start":{"line":30,"column":16},"end":{"line":30,"column":null}},"19":{"start":{"line":32,"column":12},"end":{"line":36,"column":null}},"20":{"start":{"line":33,"column":29},"end":{"line":33,"column":71}},"21":{"start":{"line":34,"column":16},"end":{"line":34,"column":null}},"22":{"start":{"line":35,"column":16},"end":{"line":35,"column":null}},"23":{"start":{"line":35,"column":35},"end":{"line":35,"column":null}},"24":{"start":{"line":38,"column":8},"end":{"line":38,"column":null}},"25":{"start":{"line":38,"column":48},"end":{"line":38,"column":null}},"26":{"start":{"line":40,"column":8},"end":{"line":40,"column":null}},"27":{"start":{"line":7,"column":0},"end":{"line":7,"column":13}}},"fnMap":{"0":{"name":"(anonymous_0)","decl":{"start":{"line":13,"column":4},"end":{"line":13,"column":16}},"loc":{"start":{"line":13,"column":29},"end":{"line":17,"column":5}}},"1":{"name":"(anonymous_1)","decl":{"start":{"line":19,"column":11},"end":{"line":19,"column":22}},"loc":{"start":{"line":19,"column":43},"end":{"line":21,"column":5}}},"2":{"name":"(anonymous_2)","decl":{"start":{"line":23,"column":11},"end":{"line":23,"column":16}},"loc":{"start":{"line":23,"column":16},"end":{"line":41,"column":5}}}},"branchMap":{"0":{"loc":{"start":{"line":29,"column":12},"end":{"line":31,"column":null}},"type":"if","locations":[{"start":{"line":29,"column":12},"end":{"line":31,"column":null}}]},"1":{"loc":{"start":{"line":29,"column":15},"end":{"line":29,"column":43}},"type":"cond-expr","locations":[{"start":{"line":29,"column":37},"end":{"line":29,"column":39}},{"start":{"line":29,"column":37},"end":{"line":29,"column":43}}]},"2":{"loc":{"start":{"line":29,"column":15},"end":{"line":29,"column":39}},"type":"binary-expr","locations":[{"start":{"line":29,"column":15},"end":{"line":29,"column":39}},{"start":{"line":29,"column":37},"end":{"line":29,"column":39}}]},"3":{"loc":{"start":{"line":30,"column":28},"end":{"line":30,"column":66}},"type":"cond-expr","locations":[{"start":{"line":30,"column":50},"end":{"line":30,"column":52}},{"start":{"line":30,"column":50},"end":{"line":30,"column":66}}]},"4":{"loc":{"start":{"line":30,"column":28},"end":{"line":30,"column":52}},"type":"binary-expr","locations":[{"start":{"line":30,"column":28},"end":{"line":30,"column":52}},{"start":{"line":30,"column":50},"end":{"line":30,"column":52}}]},"5":{"loc":{"start":{"line":32,"column":12},"end":{"line":36,"column":null}},"type":"if","locations":[{"start":{"line":32,"column":12},"end":{"line":36,"column":null}}]},"6":{"loc":{"start":{"line":32,"column":15},"end":{"line":32,"column":43}},"type":"cond-expr","locations":[{"start":{"line":32,"column":37},"end":{"line":32,"column":39}},{"start":{"line":32,"column":37},"end":{"line":32,"column":43}}]},"7":{"loc":{"start":{"line":32,"column":15},"end":{"line":32,"column":39}},"type":"binary-expr","locations":[{"start":{"line":32,"column":15},"end":{"line":32,"column":39}},{"start":{"line":32,"column":37},"end":{"line":32,"column":39}}]},"8":{"loc":{"start":{"line":33,"column":29},"end":{"line":33,"column":71}},"type":"cond-expr","locations":[{"start":{"line":33,"column":65},"end":{"line":33,"column":67}},{"start":{"line":33,"column":65},"end":{"line":33,"column":71}}]},"9":{"loc":{"start":{"line":33,"column":29},"end":{"line":33,"column":67}},"type":"binary-expr","locations":[{"start":{"line":33,"column":29},"end":{"line":33,"column":67}},{"start":{"line":33,"column":65},"end":{"line":33,"column":67}}]},"10":{"loc":{"start":{"line":35,"column":16},"end":{"line":35,"column":null}},"type":"if","locations":[{"start":{"line":35,"column":16},"end":{"line":35,"column":null}}]},"11":{"loc":{"start":{"line":38,"column":8},"end":{"line":38,"column":null}},"type":"if","locations":[{"start":{"line":38,"column":8},"end":{"line":38,"column":null}}]},"12":{"loc":{"start":{"line":40,"column":15},"end":{"line":40,"column":63}},"type":"binary-expr","locations":[{"start":{"line":40,"column":15},"end":{"line":40,"column":37}},{"start":{"line":40,"column":41},"end":{"line":40,"column":63}}]}},"s":{"0":11,"1":11,"2":11,"3":11,"4":9,"5":9,"6":9,"7":9,"8":9,"9":9,"10":2,"11":9,"12":9,"13":9,"14":18,"15":18,"16":18,"17":18,"18":8,"19":18,"20":8,"21":8,"22":8,"23":3,"24":9,"25":7,"26":2,"27":11},"f":{"0":9,"1":2,"2":9},"b":{"0":[8],"1":[2,16],"2":[18,16],"3":[0,8],"4":[8,8],"5":[8],"6":[2,16],"7":[18,16],"8":[0,8],"9":[8,8],"10":[3],"11":[7],"12":[2,1]}}
,"/Users/jamal/Tests/test-poker-dkatalis_Achmad/src/services/player-hand/ThreeOfAKind.ts": {"path":"/Users/jamal/Tests/test-poker-dkatalis_Achmad/src/services/player-hand/ThreeOfAKind.ts","statementMap":{"0":{"start":{"line":1,"column":0},"end":{"line":1,"column":46}},"1":{"start":{"line":3,"column":0},"end":{"line":3,"column":58}},"2":{"start":{"line":12,"column":21},"end":{"line":12,"column":45}},"3":{"start":{"line":13,"column":8},"end":{"line":13,"column":27}},"4":{"start":{"line":6,"column":11},"end":{"line":6,"column":null}},"5":{"start":{"line":7,"column":11},"end":{"line":7,"column":null}},"6":{"start":{"line":10,"column":12},"end":{"line":10,"column":null}},"7":{"start":{"line":14,"column":8},"end":{"line":14,"column":null}},"8":{"start":{"line":18,"column":8},"end":{"line":18,"column":null}},"9":{"start":{"line":22,"column":21},"end":{"line":22,"column":26}},"10":{"start":{"line":23,"column":58},"end":{"line":23,"column":60}},"11":{"start":{"line":24,"column":8},"end":{"line":43,"column":null}},"12":{"start":{"line":24,"column":21},"end":{"line":24,"column":22}},"13":{"start":{"line":25,"column":25},"end":{"line":25,"column":38}},"14":{"start":{"line":26,"column":12},"end":{"line":42,"column":null}},"15":{"start":{"line":27,"column":16},"end":{"line":27,"column":null}},"16":{"start":{"line":28,"column":16},"end":{"line":39,"column":null}},"17":{"start":{"line":29,"column":20},"end":{"line":29,"column":null}},"18":{"start":{"line":30,"column":20},"end":{"line":30,"column":null}},"19":{"start":{"line":32,"column":47},"end":{"line":32,"column":48}},"20":{"start":{"line":33,"column":20},"end":{"line":36,"column":null}},"21":{"start":{"line":34,"column":24},"end":{"line":34,"column":null}},"22":{"start":{"line":34,"column":56},"end":{"line":34,"column":null}},"23":{"start":{"line":35,"column":24},"end":{"line":35,"column":null}},"24":{"start":{"line":38,"column":20},"end":{"line":38,"column":null}},"25":{"start":{"line":41,"column":16},"end":{"line":41,"column":null}},"26":{"start":{"line":44,"column":8},"end":{"line":44,"column":null}},"27":{"start":{"line":46,"column":8},"end":{"line":46,"column":null}},"28":{"start":{"line":50,"column":31},"end":{"line":50,"column":32}},"29":{"start":{"line":51,"column":8},"end":{"line":54,"column":null}},"30":{"start":{"line":52,"column":12},"end":{"line":53,"column":null}},"31":{"start":{"line":55,"column":8},"end":{"line":55,"column":null}},"32":{"start":{"line":59,"column":8},"end":{"line":59,"column":null}},"33":{"start":{"line":5,"column":0},"end":{"line":5,"column":13}}},"fnMap":{"0":{"name":"(anonymous_0)","decl":{"start":{"line":11,"column":4},"end":{"line":11,"column":16}},"loc":{"start":{"line":11,"column":29},"end":{"line":15,"column":5}}},"1":{"name":"(anonymous_1)","decl":{"start":{"line":17,"column":11},"end":{"line":17,"column":22}},"loc":{"start":{"line":17,"column":43},"end":{"line":19,"column":5}}},"2":{"name":"(anonymous_2)","decl":{"start":{"line":21,"column":11},"end":{"line":21,"column":16}},"loc":{"start":{"line":21,"column":16},"end":{"line":47,"column":5}}},"3":{"name":"(anonymous_3)","decl":{"start":{"line":33,"column":55},"end":{"line":33,"column":56}},"loc":{"start":{"line":33,"column":68},"end":{"line":36,"column":21}}},"4":{"name":"(anonymous_4)","decl":{"start":{"line":49,"column":11},"end":{"line":49,"column":21}},"loc":{"start":{"line":49,"column":21},"end":{"line":56,"column":5}}},"5":{"name":"(anonymous_5)","decl":{"start":{"line":58,"column":11},"end":{"line":58,"column":16}},"loc":{"start":{"line":58,"column":16},"end":{"line":60,"column":5}}}},"branchMap":{"0":{"loc":{"start":{"line":26,"column":12},"end":{"line":42,"column":null}},"type":"if","locations":[{"start":{"line":26,"column":12},"end":{"line":42,"column":null}},{"start":{"line":40,"column":19},"end":{"line":42,"column":null}}]},"1":{"loc":{"start":{"line":28,"column":16},"end":{"line":39,"column":null}},"type":"if","locations":[{"start":{"line":28,"column":16},"end":{"line":39,"column":null}}]},"2":{"loc":{"start":{"line":34,"column":24},"end":{"line":34,"column":null}},"type":"if","locations":[{"start":{"line":34,"column":24},"end":{"line":34,"column":null}}]},"3":{"loc":{"start":{"line":35,"column":31},"end":{"line":35,"column":86}},"type":"binary-expr","locations":[{"start":{"line":35,"column":31},"end":{"line":35,"column":58}},{"start":{"line":35,"column":62},"end":{"line":35,"column":86}}]},"4":{"loc":{"start":{"line":46,"column":15},"end":{"line":46,"column":55}},"type":"cond-expr","locations":[{"start":{"line":46,"column":25},"end":{"line":46,"column":48}},{"start":{"line":46,"column":51},"end":{"line":46,"column":55}}]},"5":{"loc":{"start":{"line":52,"column":31},"end":{"line":53,"column":63}},"type":"cond-expr","locations":[{"start":{"line":53,"column":18},"end":{"line":53,"column":34}},{"start":{"line":53,"column":37},"end":{"line":53,"column":63}}]}},"s":{"0":11,"1":11,"2":23,"3":23,"4":23,"5":23,"6":23,"7":23,"8":2,"9":23,"10":23,"11":23,"12":23,"13":115,"14":115,"15":54,"16":54,"17":20,"18":20,"19":20,"20":20,"21":100,"22":67,"23":100,"24":20,"25":61,"26":23,"27":23,"28":8,"29":8,"30":17,"31":8,"32":6,"33":11},"f":{"0":23,"1":2,"2":23,"3":100,"4":8,"5":6},"b":{"0":[54,61],"1":[20],"2":[67],"3":[100,67],"4":[20,3],"5":[1,16]}}
,"/Users/jamal/Tests/test-poker-dkatalis_Achmad/src/services/player-hand/TwoPair.ts": {"path":"/Users/jamal/Tests/test-poker-dkatalis_Achmad/src/services/player-hand/TwoPair.ts","statementMap":{"0":{"start":{"line":1,"column":0},"end":{"line":1,"column":65}},"1":{"start":{"line":3,"column":0},"end":{"line":3,"column":36}},"2":{"start":{"line":4,"column":0},"end":{"line":4,"column":58}},"3":{"start":{"line":13,"column":21},"end":{"line":13,"column":41}},"4":{"start":{"line":14,"column":8},"end":{"line":14,"column":27}},"5":{"start":{"line":7,"column":12},"end":{"line":7,"column":null}},"6":{"start":{"line":8,"column":11},"end":{"line":8,"column":null}},"7":{"start":{"line":9,"column":11},"end":{"line":9,"column":null}},"8":{"start":{"line":15,"column":8},"end":{"line":15,"column":null}},"9":{"start":{"line":19,"column":8},"end":{"line":19,"column":null}},"10":{"start":{"line":23,"column":63},"end":{"line":23,"column":65}},"11":{"start":{"line":24,"column":20},"end":{"line":24,"column":30}},"12":{"start":{"line":25,"column":26},"end":{"line":25,"column":36}},"13":{"start":{"line":27,"column":8},"end":{"line":34,"column":null}},"14":{"start":{"line":28,"column":12},"end":{"line":28,"column":null}},"15":{"start":{"line":29,"column":12},"end":{"line":29,"column":null}},"16":{"start":{"line":30,"column":31},"end":{"line":30,"column":118}},"17":{"start":{"line":30,"column":61},"end":{"line":30,"column":117}},"18":{"start":{"line":31,"column":12},"end":{"line":31,"column":null}},"19":{"start":{"line":32,"column":12},"end":{"line":32,"column":null}},"20":{"start":{"line":33,"column":12},"end":{"line":33,"column":null}},"21":{"start":{"line":36,"column":8},"end":{"line":51,"column":null}},"22":{"start":{"line":36,"column":21},"end":{"line":36,"column":22}},"23":{"start":{"line":37,"column":25},"end":{"line":37,"column":38}},"24":{"start":{"line":38,"column":33},"end":{"line":38,"column":56}},"25":{"start":{"line":39,"column":12},"end":{"line":39,"column":null}},"26":{"start":{"line":40,"column":12},"end":{"line":50,"column":null}},"27":{"start":{"line":41,"column":16},"end":{"line":41,"column":null}},"28":{"start":{"line":42,"column":16},"end":{"line":44,"column":null}},"29":{"start":{"line":43,"column":20},"end":{"line":43,"column":null}},"30":{"start":{"line":45,"column":16},"end":{"line":49,"column":null}},"31":{"start":{"line":48,"column":20},"end":{"line":48,"column":null}},"32":{"start":{"line":52,"column":8},"end":{"line":52,"column":null}},"33":{"start":{"line":52,"column":48},"end":{"line":52,"column":null}},"34":{"start":{"line":54,"column":8},"end":{"line":54,"column":null}},"35":{"start":{"line":6,"column":0},"end":{"line":6,"column":13}}},"fnMap":{"0":{"name":"(anonymous_0)","decl":{"start":{"line":12,"column":4},"end":{"line":12,"column":16}},"loc":{"start":{"line":12,"column":29},"end":{"line":16,"column":5}}},"1":{"name":"(anonymous_1)","decl":{"start":{"line":18,"column":11},"end":{"line":18,"column":22}},"loc":{"start":{"line":18,"column":43},"end":{"line":20,"column":5}}},"2":{"name":"(anonymous_2)","decl":{"start":{"line":22,"column":11},"end":{"line":22,"column":16}},"loc":{"start":{"line":22,"column":59},"end":{"line":58,"column":5}}},"3":{"name":"(anonymous_3)","decl":{"start":{"line":30,"column":51},"end":{"line":30,"column":52}},"loc":{"start":{"line":30,"column":61},"end":{"line":30,"column":117}}}},"branchMap":{"0":{"loc":{"start":{"line":27,"column":8},"end":{"line":34,"column":null}},"type":"if","locations":[{"start":{"line":27,"column":8},"end":{"line":34,"column":null}}]},"1":{"loc":{"start":{"line":40,"column":12},"end":{"line":50,"column":null}},"type":"if","locations":[{"start":{"line":40,"column":12},"end":{"line":50,"column":null}}]},"2":{"loc":{"start":{"line":42,"column":16},"end":{"line":44,"column":null}},"type":"if","locations":[{"start":{"line":42,"column":16},"end":{"line":44,"column":null}}]},"3":{"loc":{"start":{"line":45,"column":16},"end":{"line":49,"column":null}},"type":"if","locations":[{"start":{"line":45,"column":16},"end":{"line":49,"column":null}}]},"4":{"loc":{"start":{"line":45,"column":19},"end":{"line":46,"column":105}},"type":"binary-expr","locations":[{"start":{"line":45,"column":19},"end":{"line":45,"column":93}},{"start":{"line":46,"column":23},"end":{"line":46,"column":105}}]},"5":{"loc":{"start":{"line":52,"column":8},"end":{"line":52,"column":null}},"type":"if","locations":[{"start":{"line":52,"column":8},"end":{"line":52,"column":null}}]},"6":{"loc":{"start":{"line":54,"column":15},"end":{"line":54,"column":63}},"type":"binary-expr","locations":[{"start":{"line":54,"column":15},"end":{"line":54,"column":37}},{"start":{"line":54,"column":41},"end":{"line":54,"column":63}}]}},"s":{"0":11,"1":11,"2":11,"3":7,"4":7,"5":7,"6":7,"7":7,"8":7,"9":2,"10":7,"11":7,"12":7,"13":7,"14":0,"15":0,"16":0,"17":0,"18":0,"19":0,"20":0,"21":7,"22":7,"23":14,"24":14,"25":14,"26":14,"27":11,"28":11,"29":11,"30":11,"31":11,"32":7,"33":5,"34":2,"35":11},"f":{"0":7,"1":2,"2":7,"3":0},"b":{"0":[0],"1":[11],"2":[11],"3":[11],"4":[11,11],"5":[5],"6":[2,1]}}
,"/Users/jamal/Tests/test-poker-dkatalis_Achmad/src/services/player-hand/index.ts": {"path":"/Users/jamal/Tests/test-poker-dkatalis_Achmad/src/services/player-hand/index.ts","statementMap":{"0":{"start":{"line":1,"column":0},"end":{"line":1,"column":28}},"1":{"start":{"line":2,"column":0},"end":{"line":2,"column":23}},"2":{"start":{"line":3,"column":0},"end":{"line":3,"column":29}},"3":{"start":{"line":4,"column":0},"end":{"line":4,"column":27}},"4":{"start":{"line":5,"column":0},"end":{"line":5,"column":26}},"5":{"start":{"line":6,"column":0},"end":{"line":6,"column":25}},"6":{"start":{"line":7,"column":0},"end":{"line":7,"column":26}},"7":{"start":{"line":8,"column":0},"end":{"line":8,"column":31}},"8":{"start":{"line":9,"column":0},"end":{"line":9,"column":30}},"9":{"start":{"line":10,"column":0},"end":{"line":10,"column":25}}},"fnMap":{},"branchMap":{},"s":{"0":11,"1":11,"2":11,"3":11,"4":11,"5":11,"6":11,"7":11,"8":11,"9":11},"f":{},"b":{}}
,"/Users/jamal/Tests/test-poker-dkatalis_Achmad/src/utils/index.ts": {"path":"/Users/jamal/Tests/test-poker-dkatalis_Achmad/src/utils/index.ts","statementMap":{"0":{"start":{"line":1,"column":0},"end":{"line":1,"column":27}}},"fnMap":{},"branchMap":{},"s":{"0":1},"f":{},"b":{}}
,"/Users/jamal/Tests/test-poker-dkatalis_Achmad/src/utils/randomize.ts": {"path":"/Users/jamal/Tests/test-poker-dkatalis_Achmad/src/utils/randomize.ts","statementMap":{"0":{"start":{"line":1,"column":28},"end":{"line":17,"column":1}},"1":{"start":{"line":2,"column":23},"end":{"line":2,"column":35}},"2":{"start":{"line":6,"column":4},"end":{"line":14,"column":null}},"3":{"start":{"line":9,"column":8},"end":{"line":9,"column":null}},"4":{"start":{"line":10,"column":8},"end":{"line":10,"column":null}},"5":{"start":{"line":13,"column":8},"end":{"line":13,"column":null}},"6":{"start":{"line":16,"column":4},"end":{"line":16,"column":17}},"7":{"start":{"line":1,"column":13},"end":{"line":1,"column":28}}},"fnMap":{"0":{"name":"(anonymous_0)","decl":{"start":{"line":1,"column":28},"end":{"line":1,"column":29}},"loc":{"start":{"line":1,"column":60},"end":{"line":17,"column":1}}}},"branchMap":{},"s":{"0":1,"1":0,"2":0,"3":0,"4":0,"5":0,"6":0,"7":1},"f":{"0":0},"b":{}}
}
