TN:
SF:dist/src/constants.js
FN:6,(anonymous_0)
FN:13,(anonymous_1)
FNF:2
FNH:2
FNDA:11,(anonymous_0)
FNDA:11,(anonymous_1)
DA:2,11
DA:3,11
DA:4,11
DA:6,11
DA:7,11
DA:8,11
DA:9,11
DA:10,11
DA:13,11
DA:14,11
DA:15,11
DA:16,11
DA:17,11
DA:18,11
DA:19,11
DA:20,11
DA:21,11
DA:22,11
DA:23,11
DA:25,11
DA:26,11
LF:21
LH:21
BRDA:11,0,0,11
BRDA:11,0,1,11
BRDA:24,1,0,11
BRDA:24,1,1,11
BRF:4
BRH:4
end_of_record
TN:
SF:dist/src/models/Card.js
FN:6,(anonymous_0)
FN:12,(anonymous_1)
FNF:2
FNH:1
FNDA:476,(anonymous_0)
FNDA:0,(anonymous_1)
DA:2,11
DA:3,11
DA:4,11
DA:7,476
DA:8,476
DA:9,476
DA:10,476
DA:13,0
DA:16,11
LF:9
LH:8
BRDA:10,0,0,64
BRDA:10,0,1,412
BRF:2
BRH:2
end_of_record
TN:
SF:dist/src/models/index.js
FN:2,(anonymous_0)
FN:6,(anonymous_1)
FN:9,(anonymous_2)
FN:13,(anonymous_3)
FNF:4
FNH:3
FNDA:11,(anonymous_0)
FNDA:476,(anonymous_1)
FNDA:0,(anonymous_2)
FNDA:11,(anonymous_3)
DA:2,11
DA:3,11
DA:4,11
DA:5,11
DA:6,476
DA:8,11
DA:10,0
DA:11,0
DA:13,11
DA:14,11
DA:16,11
DA:17,11
LF:12
LH:10
BRDA:2,0,0,11
BRDA:2,0,1,11
BRDA:2,0,2,11
BRDA:2,1,0,11
BRDA:2,1,1,0
BRDA:3,2,0,11
BRDA:3,2,1,0
BRDA:5,3,0,11
BRDA:5,3,1,0
BRDA:5,4,0,11
BRDA:5,4,1,11
BRDA:5,5,0,0
BRDA:5,5,1,11
BRDA:5,6,0,11
BRDA:5,6,1,0
BRDA:10,7,0,0
BRDA:10,7,1,0
BRDA:13,8,0,11
BRDA:13,8,1,11
BRDA:13,8,2,11
BRDA:14,9,0,11
BRDA:14,9,1,0
BRDA:14,10,0,11
BRDA:14,10,1,11
BRF:24
BRH:16
end_of_record
TN:
SF:dist/src/services/game/Game.js
FN:9,(anonymous_0)
FN:25,(anonymous_1)
FN:28,(anonymous_2)
FN:51,(anonymous_3)
FN:52,(anonymous_4)
FN:57,(anonymous_5)
FN:60,(anonymous_6)
FN:69,(anonymous_7)
FN:80,(anonymous_8)
FNF:9
FNH:2
FNDA:3,(anonymous_0)
FNDA:2,(anonymous_1)
FNDA:0,(anonymous_2)
FNDA:0,(anonymous_3)
FNDA:0,(anonymous_4)
FNDA:0,(anonymous_5)
FNDA:0,(anonymous_6)
FNDA:0,(anonymous_7)
FNDA:0,(anonymous_8)
DA:2,1
DA:3,1
DA:4,1
DA:5,1
DA:6,1
DA:7,1
DA:10,3
DA:11,3
DA:12,3
DA:13,3
DA:14,3
DA:15,3
DA:16,3
DA:17,3
DA:18,39
DA:19,39
DA:20,156
DA:21,156
DA:26,2
DA:30,0
DA:31,0
DA:32,0
DA:34,0
DA:35,0
DA:36,0
DA:37,0
DA:39,0
DA:40,0
DA:41,0
DA:42,0
DA:43,0
DA:46,0
DA:47,0
DA:48,0
DA:49,0
DA:52,0
DA:53,0
DA:55,0
DA:58,0
DA:59,0
DA:60,0
DA:61,0
DA:62,0
DA:65,0
DA:68,0
DA:69,0
DA:70,0
DA:71,0
DA:72,0
DA:73,0
DA:76,0
DA:78,0
DA:81,0
DA:82,0
DA:83,0
DA:84,0
DA:85,0
DA:86,0
DA:87,0
DA:88,0
DA:93,0
DA:94,0
DA:97,1
LF:63
LH:20
BRDA:26,0,0,0
BRDA:26,0,1,2
BRDA:26,1,0,2
BRDA:26,1,1,1
BRDA:31,2,0,0
BRDA:31,2,1,0
BRDA:35,3,0,0
BRDA:35,3,1,0
BRDA:36,4,0,0
BRDA:36,4,1,0
BRDA:41,5,0,0
BRDA:41,5,1,0
BRDA:41,6,0,0
BRDA:41,6,1,0
BRDA:43,7,0,0
BRDA:43,7,1,0
BRDA:47,8,0,0
BRDA:47,8,1,0
BRDA:53,9,0,0
BRDA:53,9,1,0
BRDA:61,10,0,0
BRDA:61,10,1,0
BRDA:72,11,0,0
BRDA:72,11,1,0
BRF:24
BRH:3
end_of_record
TN:
SF:dist/src/services/game/index.js
FN:2,(anonymous_0)
FN:6,(anonymous_1)
FN:9,(anonymous_2)
FN:13,(anonymous_3)
FNF:4
FNH:3
FNDA:1,(anonymous_0)
FNDA:3,(anonymous_1)
FNDA:0,(anonymous_2)
FNDA:1,(anonymous_3)
DA:2,1
DA:3,1
DA:4,1
DA:5,1
DA:6,3
DA:8,1
DA:10,0
DA:11,0
DA:13,1
DA:14,1
DA:16,1
DA:17,1
LF:12
LH:10
BRDA:2,0,0,1
BRDA:2,0,1,1
BRDA:2,0,2,1
BRDA:2,1,0,1
BRDA:2,1,1,0
BRDA:3,2,0,1
BRDA:3,2,1,0
BRDA:5,3,0,1
BRDA:5,3,1,0
BRDA:5,4,0,1
BRDA:5,4,1,1
BRDA:5,5,0,0
BRDA:5,5,1,1
BRDA:5,6,0,1
BRDA:5,6,1,0
BRDA:10,7,0,0
BRDA:10,7,1,0
BRDA:13,8,0,1
BRDA:13,8,1,1
BRDA:13,8,2,1
BRDA:14,9,0,1
BRDA:14,9,1,0
BRDA:14,10,0,1
BRDA:14,10,1,1
BRF:24
BRH:16
end_of_record
TN:
SF:dist/src/services/player-hand/Flush.js
FN:7,(anonymous_0)
FN:15,(anonymous_1)
FN:18,(anonymous_2)
FN:30,(anonymous_3)
FN:41,(anonymous_4)
FNF:5
FNH:5
FNDA:16,(anonymous_0)
FNDA:2,(anonymous_1)
FNDA:16,(anonymous_2)
FNDA:86,(anonymous_3)
FNDA:7,(anonymous_4)
DA:2,11
DA:3,11
DA:4,11
DA:5,11
DA:8,16
DA:9,16
DA:10,16
DA:11,16
DA:12,16
DA:13,16
DA:16,2
DA:19,16
DA:20,16
DA:21,16
DA:22,61
DA:23,61
DA:24,2
DA:25,2
DA:27,61
DA:28,14
DA:29,14
DA:31,86
DA:32,86
DA:33,86
DA:35,14
DA:36,14
DA:39,16
DA:42,7
DA:48,11
LF:29
LH:29
BRDA:23,0,0,2
BRDA:23,0,1,59
BRDA:27,1,0,14
BRDA:27,1,1,47
BRDA:27,2,0,61
BRDA:27,2,1,59
BRDA:31,3,0,12
BRDA:31,3,1,74
BRDA:32,4,0,8
BRDA:32,4,1,78
BRDA:39,5,0,14
BRDA:39,5,1,2
BRF:12
BRH:12
end_of_record
TN:
SF:dist/src/services/player-hand/FourOfAKind.js
FN:8,(anonymous_0)
FN:15,(anonymous_1)
FN:18,(anonymous_2)
FNF:3
FNH:3
FNDA:9,(anonymous_0)
FNDA:2,(anonymous_1)
FNDA:9,(anonymous_2)
DA:2,11
DA:3,11
DA:4,11
DA:5,11
DA:6,11
DA:9,9
DA:10,9
DA:11,9
DA:12,9
DA:13,9
DA:16,2
DA:19,9
DA:20,9
DA:21,8
DA:22,7
DA:23,7
DA:26,1
DA:27,1
DA:30,1
DA:33,11
LF:20
LH:20
BRDA:19,0,0,9
BRDA:19,0,1,8
BRDA:20,1,0,8
BRDA:20,1,1,1
BRDA:21,2,0,7
BRDA:21,2,1,1
BRDA:21,3,0,8
BRDA:21,3,1,8
BRDA:21,3,2,8
BRF:9
BRH:9
end_of_record
TN:
SF:dist/src/services/player-hand/FullHouse.js
FN:9,(anonymous_0)
FN:17,(anonymous_1)
FN:20,(anonymous_2)
FN:28,(anonymous_3)
FNF:4
FNH:4
FNDA:8,(anonymous_0)
FNDA:2,(anonymous_1)
FNDA:8,(anonymous_2)
FNDA:1,(anonymous_3)
DA:2,11
DA:3,11
DA:4,11
DA:5,11
DA:6,11
DA:7,11
DA:10,8
DA:11,8
DA:12,8
DA:13,8
DA:14,8
DA:15,8
DA:18,2
DA:22,8
DA:23,8
DA:24,8
DA:25,8
DA:26,1
DA:27,1
DA:28,1
DA:29,1
DA:30,1
DA:31,1
DA:33,8
DA:34,16
DA:35,16
DA:36,15
DA:37,15
DA:38,12
DA:39,6
DA:40,6
DA:42,12
DA:46,8
DA:47,6
DA:48,2
DA:51,11
LF:36
LH:36
BRDA:25,0,0,1
BRDA:25,0,1,7
BRDA:28,1,0,0
BRDA:28,1,1,1
BRDA:28,2,0,1
BRDA:28,2,1,1
BRDA:35,3,0,15
BRDA:35,3,1,1
BRDA:37,4,0,12
BRDA:37,4,1,3
BRDA:38,5,0,6
BRDA:38,5,1,6
BRDA:39,6,0,0
BRDA:39,6,1,6
BRDA:39,7,0,6
BRDA:39,7,1,6
BRDA:40,8,0,0
BRDA:40,8,1,6
BRDA:40,9,0,6
BRDA:40,9,1,6
BRDA:42,10,0,0
BRDA:42,10,1,12
BRDA:42,11,0,12
BRDA:42,11,1,12
BRDA:46,12,0,6
BRDA:46,12,1,2
BRDA:48,13,0,2
BRDA:48,13,1,1
BRF:28
BRH:24
end_of_record
TN:
SF:dist/src/services/player-hand/HighCard.js
FN:7,(anonymous_0)
FN:14,(anonymous_1)
FN:17,(anonymous_2)
FN:19,(anonymous_3)
FNF:4
FNH:4
FNDA:5,(anonymous_0)
FNDA:2,(anonymous_1)
FNDA:5,(anonymous_2)
FNDA:40,(anonymous_3)
DA:2,11
DA:3,11
DA:4,11
DA:5,11
DA:8,5
DA:9,5
DA:10,5
DA:11,5
DA:12,5
DA:15,2
DA:18,5
DA:20,40
DA:21,40
DA:22,40
DA:24,5
DA:25,5
DA:26,5
DA:29,11
LF:18
LH:18
BRDA:20,0,0,8
BRDA:20,0,1,32
BRDA:21,1,0,0
BRDA:21,1,1,40
BRF:4
BRH:3
end_of_record
TN:
SF:dist/src/services/player-hand/OnePair.js
FN:7,(anonymous_0)
FN:14,(anonymous_1)
FN:17,(anonymous_2)
FN:20,(anonymous_3)
FN:33,(anonymous_4)
FN:38,(anonymous_5)
FNF:6
FNH:6
FNDA:28,(anonymous_0)
FNDA:2,(anonymous_1)
FNDA:28,(anonymous_2)
FNDA:107,(anonymous_3)
FNDA:82,(anonymous_4)
FNDA:6,(anonymous_5)
DA:2,11
DA:3,11
DA:4,11
DA:5,11
DA:8,28
DA:9,28
DA:10,28
DA:11,28
DA:12,28
DA:15,2
DA:18,28
DA:19,28
DA:20,107
DA:21,28
DA:22,47
DA:23,47
DA:24,47
DA:25,47
DA:26,22
DA:27,22
DA:28,22
DA:29,22
DA:31,22
DA:32,22
DA:33,82
DA:36,28
DA:39,6
DA:42,11
LF:28
LH:28
BRDA:25,0,0,22
BRDA:25,0,1,25
BRDA:29,1,0,21
BRDA:29,1,1,1
BRDA:36,2,0,22
BRDA:36,2,1,6
BRF:6
BRH:6
end_of_record
TN:
SF:dist/src/services/player-hand/PlayerHand.js
FN:7,(anonymous_0)
FN:9,(anonymous_1)
FN:11,(anonymous_2)
FN:14,(anonymous_3)
FNF:4
FNH:3
FNDA:121,(anonymous_0)
FNDA:0,(anonymous_1)
FNDA:1,(anonymous_2)
FNDA:18,(anonymous_3)
DA:2,11
DA:3,11
DA:4,11
DA:5,11
DA:8,121
DA:9,121
DA:12,1
DA:15,18
DA:16,18
DA:17,18
DA:18,2
DA:19,16
DA:22,0
DA:28,4
DA:29,4
DA:30,4
DA:31,2
DA:32,2
DA:33,2
DA:34,2
DA:39,4
DA:46,8
DA:47,8
DA:48,8
DA:49,7
DA:50,1
DA:51,1
DA:52,1
DA:55,0
DA:58,11
LF:30
LH:28
BRDA:9,0,0,0
BRDA:9,0,1,121
BRDA:17,1,0,2
BRDA:17,1,1,16
BRDA:19,2,0,0
BRDA:19,2,1,0
BRDA:19,2,2,2
BRDA:19,2,3,4
BRDA:19,2,4,2
BRDA:19,2,5,4
BRDA:19,2,6,2
BRDA:19,2,7,4
BRDA:19,2,8,6
BRDA:19,2,9,8
BRDA:30,3,0,2
BRDA:30,3,1,2
BRDA:48,4,0,7
BRDA:48,4,1,1
BRF:18
BRH:15
end_of_record
TN:
SF:dist/src/services/player-hand/Straight.js
FN:7,(anonymous_0)
FN:14,(anonymous_1)
FN:17,(anonymous_2)
FN:21,(anonymous_3)
FN:28,(anonymous_4)
FN:54,(anonymous_5)
FNF:6
FNH:6
FNDA:15,(anonymous_0)
FNDA:2,(anonymous_1)
FNDA:15,(anonymous_2)
FNDA:75,(anonymous_3)
FNDA:61,(anonymous_4)
FNDA:6,(anonymous_5)
DA:2,11
DA:3,11
DA:4,11
DA:5,11
DA:8,15
DA:9,15
DA:10,15
DA:11,15
DA:12,15
DA:15,2
DA:18,15
DA:19,15
DA:20,15
DA:22,75
DA:23,6
DA:24,6
DA:26,69
DA:29,61
DA:31,15
DA:32,0
DA:33,15
DA:34,52
DA:35,52
DA:36,52
DA:37,2
DA:38,2
DA:41,15
DA:42,2
DA:43,13
DA:44,13
DA:45,13
DA:46,5
DA:47,3
DA:48,3
DA:49,3
DA:52,13
DA:55,6
DA:58,11
LF:38
LH:37
BRDA:22,0,0,6
BRDA:22,0,1,69
BRDA:31,1,0,0
BRDA:31,1,1,15
BRDA:36,2,0,2
BRDA:36,2,1,50
BRDA:41,3,0,2
BRDA:41,3,1,13
BRDA:45,4,0,5
BRDA:45,4,1,8
BRDA:46,5,0,3
BRDA:46,5,1,2
BRF:12
BRH:11
end_of_record
TN:
SF:dist/src/services/player-hand/StraightFlush.js
FN:9,(anonymous_0)
FN:17,(anonymous_1)
FN:20,(anonymous_2)
FNF:3
FNH:3
FNDA:9,(anonymous_0)
FNDA:2,(anonymous_1)
FNDA:9,(anonymous_2)
DA:2,11
DA:3,11
DA:4,11
DA:5,11
DA:6,11
DA:7,11
DA:10,9
DA:11,9
DA:12,9
DA:13,9
DA:14,9
DA:15,9
DA:18,2
DA:22,9
DA:23,9
DA:24,18
DA:25,18
DA:26,18
DA:27,18
DA:28,8
DA:30,18
DA:31,8
DA:32,8
DA:33,8
DA:34,3
DA:37,9
DA:38,7
DA:39,2
DA:42,11
LF:29
LH:29
BRDA:27,0,0,8
BRDA:27,0,1,10
BRDA:27,1,0,2
BRDA:27,1,1,16
BRDA:27,2,0,18
BRDA:27,2,1,16
BRDA:28,3,0,0
BRDA:28,3,1,8
BRDA:28,4,0,8
BRDA:28,4,1,8
BRDA:30,5,0,8
BRDA:30,5,1,10
BRDA:30,6,0,2
BRDA:30,6,1,16
BRDA:30,7,0,18
BRDA:30,7,1,16
BRDA:31,8,0,0
BRDA:31,8,1,8
BRDA:31,9,0,8
BRDA:31,9,1,8
BRDA:33,10,0,3
BRDA:33,10,1,5
BRDA:37,11,0,7
BRDA:37,11,1,2
BRDA:39,12,0,2
BRDA:39,12,1,1
BRF:26
BRH:24
end_of_record
TN:
SF:dist/src/services/player-hand/ThreeOfAKind.js
FN:7,(anonymous_0)
FN:15,(anonymous_1)
FN:18,(anonymous_2)
FN:29,(anonymous_3)
FN:44,(anonymous_4)
FN:52,(anonymous_5)
FNF:6
FNH:6
FNDA:23,(anonymous_0)
FNDA:2,(anonymous_1)
FNDA:23,(anonymous_2)
FNDA:100,(anonymous_3)
FNDA:8,(anonymous_4)
FNDA:6,(anonymous_5)
DA:2,11
DA:3,11
DA:4,11
DA:5,11
DA:8,23
DA:9,23
DA:10,23
DA:11,23
DA:12,23
DA:13,23
DA:16,2
DA:19,23
DA:20,23
DA:21,23
DA:22,115
DA:23,115
DA:24,54
DA:25,54
DA:26,20
DA:27,20
DA:28,20
DA:29,20
DA:30,100
DA:31,67
DA:32,100
DA:34,20
DA:38,61
DA:41,23
DA:42,23
DA:45,8
DA:46,8
DA:47,17
DA:50,8
DA:53,6
DA:56,11
LF:35
LH:35
BRDA:23,0,0,54
BRDA:23,0,1,61
BRDA:25,1,0,20
BRDA:25,1,1,34
BRDA:30,2,0,67
BRDA:30,2,1,33
BRDA:32,3,0,100
BRDA:32,3,1,67
BRDA:42,4,0,20
BRDA:42,4,1,3
BRDA:47,5,0,1
BRDA:47,5,1,16
BRF:12
BRH:12
end_of_record
TN:
SF:dist/src/services/player-hand/TwoPair.js
FN:8,(anonymous_0)
FN:16,(anonymous_1)
FN:19,(anonymous_2)
FN:26,(anonymous_3)
FNF:4
FNH:3
FNDA:7,(anonymous_0)
FNDA:2,(anonymous_1)
FNDA:7,(anonymous_2)
FNDA:0,(anonymous_3)
DA:2,11
DA:3,11
DA:4,11
DA:5,11
DA:6,11
DA:9,7
DA:10,7
DA:11,7
DA:12,7
DA:13,7
DA:14,7
DA:17,2
DA:20,7
DA:21,7
DA:22,7
DA:23,7
DA:24,0
DA:25,0
DA:26,0
DA:27,0
DA:28,0
DA:29,0
DA:31,7
DA:32,14
DA:33,14
DA:34,14
DA:35,14
DA:36,11
DA:37,11
DA:38,11
DA:40,11
DA:42,11
DA:46,7
DA:47,5
DA:48,2
DA:52,11
LF:36
LH:30
BRDA:23,0,0,0
BRDA:23,0,1,7
BRDA:35,1,0,11
BRDA:35,1,1,3
BRDA:37,2,0,11
BRDA:37,2,1,0
BRDA:40,3,0,11
BRDA:40,3,1,0
BRDA:40,4,0,11
BRDA:40,4,1,11
BRDA:46,5,0,5
BRDA:46,5,1,2
BRDA:48,6,0,2
BRDA:48,6,1,1
BRF:14
BRH:11
end_of_record
TN:
SF:dist/src/services/player-hand/index.js
FN:2,(anonymous_0)
FN:6,(anonymous_1)
FN:9,(anonymous_2)
FN:13,(anonymous_3)
FNF:4
FNH:3
FNDA:110,(anonymous_0)
FNDA:66,(anonymous_1)
FNDA:0,(anonymous_2)
FNDA:110,(anonymous_3)
DA:2,11
DA:3,110
DA:4,110
DA:5,110
DA:6,110
DA:8,110
DA:10,0
DA:11,0
DA:13,11
DA:14,110
DA:16,11
DA:17,11
DA:18,11
DA:19,11
DA:20,11
DA:21,11
DA:22,11
DA:23,11
DA:24,11
DA:25,11
DA:26,11
LF:21
LH:19
BRDA:2,0,0,11
BRDA:2,0,1,11
BRDA:2,0,2,11
BRDA:2,1,0,11
BRDA:2,1,1,0
BRDA:3,2,0,110
BRDA:3,2,1,0
BRDA:5,3,0,110
BRDA:5,3,1,0
BRDA:5,4,0,110
BRDA:5,4,1,110
BRDA:5,5,0,0
BRDA:5,5,1,110
BRDA:5,6,0,110
BRDA:5,6,1,0
BRDA:10,7,0,0
BRDA:10,7,1,0
BRDA:13,8,0,11
BRDA:13,8,1,11
BRDA:13,8,2,11
BRDA:14,9,0,110
BRDA:14,9,1,0
BRDA:14,10,0,110
BRDA:14,10,1,110
BRF:24
BRH:16
end_of_record
TN:
SF:dist/src/utils/index.js
FN:2,(anonymous_0)
FN:6,(anonymous_1)
FN:9,(anonymous_2)
FN:13,(anonymous_3)
FNF:4
FNH:2
FNDA:1,(anonymous_0)
FNDA:0,(anonymous_1)
FNDA:0,(anonymous_2)
FNDA:1,(anonymous_3)
DA:2,1
DA:3,1
DA:4,1
DA:5,1
DA:6,1
DA:8,1
DA:10,0
DA:11,0
DA:13,1
DA:14,1
DA:16,1
DA:17,1
LF:12
LH:10
BRDA:2,0,0,1
BRDA:2,0,1,1
BRDA:2,0,2,1
BRDA:2,1,0,1
BRDA:2,1,1,0
BRDA:3,2,0,1
BRDA:3,2,1,0
BRDA:5,3,0,1
BRDA:5,3,1,0
BRDA:5,4,0,1
BRDA:5,4,1,1
BRDA:5,5,0,0
BRDA:5,5,1,1
BRDA:5,6,0,1
BRDA:5,6,1,0
BRDA:10,7,0,0
BRDA:10,7,1,0
BRDA:13,8,0,1
BRDA:13,8,1,1
BRDA:13,8,2,1
BRDA:14,9,0,1
BRDA:14,9,1,0
BRDA:14,10,0,1
BRDA:14,10,1,1
BRF:24
BRH:16
end_of_record
TN:
SF:dist/src/utils/randomize.js
FN:4,(anonymous_0)
FNF:1
FNH:0
FNDA:0,(anonymous_0)
DA:2,1
DA:3,1
DA:4,1
DA:5,0
DA:8,0
DA:10,0
DA:11,0
DA:13,0
DA:15,0
DA:17,1
LF:10
LH:4
BRF:0
BRH:0
end_of_record
TN:
SF:src/constants.ts
FN:2,(anonymous_0)
FN:8,(anonymous_1)
FNF:2
FNH:2
FNDA:11,(anonymous_0)
FNDA:11,(anonymous_1)
DA:1,11
DA:2,11
DA:3,11
DA:4,11
DA:5,11
DA:6,11
DA:8,11
DA:9,11
DA:10,11
DA:11,11
DA:12,11
DA:13,11
DA:14,11
DA:15,11
DA:16,11
DA:17,11
DA:18,11
DA:20,11
DA:21,11
LF:19
LH:19
BRDA:2,0,0,11
BRDA:2,0,1,11
BRDA:8,1,0,11
BRDA:8,1,1,11
BRF:4
BRH:4
end_of_record
TN:
SF:src/models/Card.ts
FN:7,(anonymous_0)
FN:13,(anonymous_1)
FNF:2
FNH:1
FNDA:476,(anonymous_0)
FNDA:0,(anonymous_1)
DA:1,11
DA:3,11
DA:8,476
DA:9,476
DA:10,476
DA:11,476
DA:14,0
LF:7
LH:6
BRDA:11,0,0,64
BRDA:11,0,1,412
BRF:2
BRH:2
end_of_record
TN:
SF:src/models/index.ts
FNF:0
FNH:0
DA:1,11
LF:1
LH:1
BRF:0
BRH:0
end_of_record
TN:
SF:src/services/game/Game.ts
FN:17,(anonymous_0)
FN:28,(anonymous_1)
FN:32,(anonymous_2)
FN:56,(anonymous_3)
FN:57,(anonymous_4)
FN:63,(anonymous_5)
FN:66,(anonymous_6)
FN:74,(anonymous_7)
FN:85,(anonymous_8)
FNF:9
FNH:2
FNDA:3,(anonymous_0)
FNDA:2,(anonymous_1)
FNDA:0,(anonymous_2)
FNDA:0,(anonymous_3)
FNDA:0,(anonymous_4)
FNDA:0,(anonymous_5)
FNDA:0,(anonymous_6)
FNDA:0,(anonymous_7)
FNDA:0,(anonymous_8)
DA:1,1
DA:2,1
DA:3,1
DA:4,1
DA:10,1
DA:11,3
DA:12,3
DA:13,3
DA:14,3
DA:15,3
DA:17,3
DA:18,3
DA:19,3
DA:20,39
DA:21,39
DA:22,156
DA:23,156
DA:29,2
DA:34,0
DA:35,0
DA:38,0
DA:39,0
DA:40,0
DA:43,0
DA:44,0
DA:45,0
DA:46,0
DA:50,0
DA:51,0
DA:53,0
DA:57,0
DA:58,0
DA:60,0
DA:64,0
DA:65,0
DA:66,0
DA:67,0
DA:68,0
DA:70,0
DA:73,0
DA:74,0
DA:75,0
DA:76,0
DA:77,0
DA:78,0
DA:80,0
DA:82,0
DA:86,0
DA:87,0
DA:88,0
DA:89,0
DA:90,0
DA:91,0
DA:92,0
DA:93,0
DA:98,0
DA:99,0
LF:57
LH:18
BRDA:29,0,0,0
BRDA:29,0,1,2
BRDA:29,1,0,2
BRDA:29,1,1,1
BRDA:35,2,0,0
BRDA:39,3,0,0
BRDA:40,4,0,0
BRDA:45,5,0,0
BRDA:45,6,0,0
BRDA:45,6,1,0
BRDA:46,7,0,0
BRDA:46,7,1,0
BRDA:51,8,0,0
BRDA:58,9,0,0
BRDA:58,9,1,0
BRDA:67,10,0,0
BRDA:67,10,1,0
BRDA:77,11,0,0
BRDA:77,11,1,0
BRF:19
BRH:3
end_of_record
TN:
SF:src/services/game/index.ts
FNF:0
FNH:0
DA:1,1
LF:1
LH:1
BRF:0
BRH:0
end_of_record
TN:
SF:src/services/player-hand/Flush.ts
FN:10,(anonymous_0)
FN:16,(anonymous_1)
FN:20,(anonymous_2)
FN:32,(anonymous_3)
FN:45,(anonymous_4)
FNF:5
FNH:5
FNDA:16,(anonymous_0)
FNDA:2,(anonymous_1)
FNDA:16,(anonymous_2)
FNDA:86,(anonymous_3)
FNDA:7,(anonymous_4)
DA:1,11
DA:3,11
DA:5,11
DA:6,16
DA:7,16
DA:8,16
DA:11,16
DA:12,16
DA:13,16
DA:17,2
DA:21,16
DA:22,16
DA:23,16
DA:24,61
DA:25,61
DA:26,2
DA:27,2
DA:29,61
DA:30,14
DA:31,14
DA:33,86
DA:34,86
DA:35,86
DA:37,14
DA:38,14
DA:42,16
DA:46,7
LF:27
LH:27
BRDA:25,0,0,2
BRDA:29,1,0,14
BRDA:29,2,0,61
BRDA:29,2,1,59
BRDA:33,3,0,12
BRDA:33,3,1,74
BRDA:34,4,0,8
BRDA:34,4,1,78
BRDA:42,5,0,14
BRDA:42,5,1,2
BRF:10
BRH:10
end_of_record
TN:
SF:src/services/player-hand/FourOfAKind.ts
FN:11,(anonymous_0)
FN:17,(anonymous_1)
FN:21,(anonymous_2)
FNF:3
FNH:3
FNDA:9,(anonymous_0)
FNDA:2,(anonymous_1)
FNDA:9,(anonymous_2)
DA:1,11
DA:3,11
DA:4,11
DA:6,11
DA:7,9
DA:8,9
DA:12,9
DA:13,9
DA:14,9
DA:18,2
DA:22,9
DA:23,9
DA:24,8
DA:25,7
DA:26,7
DA:28,1
DA:29,1
DA:32,1
LF:18
LH:18
BRDA:22,0,0,9
BRDA:22,0,1,8
BRDA:23,1,0,8
BRDA:24,2,0,7
BRDA:24,2,1,1
BRDA:24,3,0,8
BRDA:24,3,1,8
BRDA:24,3,2,8
BRF:8
BRH:8
end_of_record
TN:
SF:src/services/player-hand/FullHouse.ts
FN:13,(anonymous_0)
FN:19,(anonymous_1)
FN:23,(anonymous_2)
FN:32,(anonymous_3)
FNF:4
FNH:4
FNDA:8,(anonymous_0)
FNDA:2,(anonymous_1)
FNDA:8,(anonymous_2)
FNDA:1,(anonymous_3)
DA:1,11
DA:3,11
DA:4,11
DA:5,11
DA:7,11
DA:8,8
DA:9,8
DA:10,8
DA:14,8
DA:15,8
DA:16,8
DA:20,2
DA:24,8
DA:25,8
DA:26,8
DA:28,8
DA:29,1
DA:30,1
DA:32,1
DA:33,1
DA:34,1
DA:35,1
DA:38,8
DA:39,16
DA:40,16
DA:41,15
DA:42,15
DA:43,12
DA:44,6
DA:45,6
DA:47,12
DA:51,8
DA:53,2
LF:33
LH:33
BRDA:28,0,0,1
BRDA:32,1,0,0
BRDA:32,1,1,1
BRDA:32,2,0,1
BRDA:32,2,1,1
BRDA:40,3,0,15
BRDA:42,4,0,12
BRDA:43,5,0,6
BRDA:44,6,0,0
BRDA:44,6,1,6
BRDA:44,7,0,6
BRDA:44,7,1,6
BRDA:45,8,0,0
BRDA:45,8,1,6
BRDA:45,9,0,6
BRDA:45,9,1,6
BRDA:47,10,0,0
BRDA:47,10,1,12
BRDA:47,11,0,12
BRDA:47,11,1,12
BRDA:51,12,0,6
BRDA:53,13,0,2
BRDA:53,13,1,1
BRF:23
BRH:19
end_of_record
TN:
SF:src/services/player-hand/HighCard.ts
FN:10,(anonymous_0)
FN:16,(anonymous_1)
FN:20,(anonymous_2)
FN:22,(anonymous_3)
FNF:4
FNH:4
FNDA:5,(anonymous_0)
FNDA:2,(anonymous_1)
FNDA:5,(anonymous_2)
FNDA:40,(anonymous_3)
DA:1,11
DA:3,11
DA:5,11
DA:6,5
DA:7,5
DA:11,5
DA:12,5
DA:13,5
DA:17,2
DA:21,5
DA:23,40
DA:24,40
DA:25,40
DA:28,5
DA:29,5
DA:30,5
LF:16
LH:16
BRDA:23,0,0,8
BRDA:23,0,1,32
BRDA:24,1,0,0
BRDA:24,1,1,40
BRF:4
BRH:3
end_of_record
TN:
SF:src/services/player-hand/OnePair.ts
FN:10,(anonymous_0)
FN:16,(anonymous_1)
FN:20,(anonymous_2)
FN:23,(anonymous_3)
FN:37,(anonymous_4)
FN:44,(anonymous_5)
FNF:6
FNH:6
FNDA:28,(anonymous_0)
FNDA:2,(anonymous_1)
FNDA:28,(anonymous_2)
FNDA:107,(anonymous_3)
FNDA:82,(anonymous_4)
FNDA:6,(anonymous_5)
DA:1,11
DA:3,11
DA:5,11
DA:7,28
DA:8,28
DA:11,28
DA:12,28
DA:13,28
DA:17,2
DA:21,28
DA:22,28
DA:23,107
DA:24,28
DA:25,47
DA:26,47
DA:27,47
DA:29,47
DA:30,22
DA:31,22
DA:32,22
DA:33,22
DA:35,22
DA:36,22
DA:37,82
DA:41,28
DA:45,6
LF:26
LH:26
BRDA:29,0,0,22
BRDA:33,1,0,21
BRDA:33,1,1,1
BRDA:41,2,0,22
BRDA:41,2,1,6
BRF:5
BRH:5
end_of_record
TN:
SF:src/services/player-hand/PlayerHand.ts
FN:21,(anonymous_0)
FN:23,(anonymous_1)
FN:25,(anonymous_2)
FN:28,(anonymous_3)
FNF:4
FNH:3
FNDA:121,(anonymous_0)
FNDA:0,(anonymous_1)
FNDA:1,(anonymous_2)
FNDA:18,(anonymous_3)
DA:1,11
DA:2,11
DA:18,11
DA:22,121
DA:23,121
DA:26,1
DA:29,18
DA:30,18
DA:31,18
DA:33,16
DA:36,0
DA:42,4
DA:43,4
DA:44,4
DA:46,2
DA:47,2
DA:48,2
DA:53,4
DA:60,8
DA:61,8
DA:62,8
DA:64,1
DA:65,1
DA:66,1
DA:69,0
LF:25
LH:23
BRDA:23,0,0,0
BRDA:23,0,1,121
BRDA:31,1,0,2
BRDA:33,2,0,0
BRDA:33,2,1,0
BRDA:33,2,2,2
BRDA:33,2,3,4
BRDA:33,2,4,2
BRDA:33,2,5,4
BRDA:33,2,6,2
BRDA:33,2,7,4
BRDA:33,2,8,6
BRDA:33,2,9,8
BRDA:44,3,0,2
BRDA:62,4,0,7
BRF:15
BRH:12
end_of_record
TN:
SF:src/services/player-hand/Straight.ts
FN:11,(anonymous_0)
FN:17,(anonymous_1)
FN:21,(anonymous_2)
FN:25,(anonymous_3)
FN:32,(anonymous_4)
FN:62,(anonymous_5)
FNF:6
FNH:6
FNDA:15,(anonymous_0)
FNDA:2,(anonymous_1)
FNDA:15,(anonymous_2)
FNDA:75,(anonymous_3)
FNDA:61,(anonymous_4)
FNDA:6,(anonymous_5)
DA:1,11
DA:3,11
DA:5,11
DA:8,15
DA:9,15
DA:12,15
DA:13,15
DA:14,15
DA:18,2
DA:22,15
DA:23,15
DA:24,15
DA:26,75
DA:27,6
DA:28,6
DA:30,69
DA:33,61
DA:36,15
DA:38,15
DA:39,52
DA:40,52
DA:41,52
DA:42,2
DA:43,2
DA:47,15
DA:49,13
DA:50,13
DA:52,13
DA:53,5
DA:54,3
DA:55,3
DA:56,3
DA:59,13
DA:63,6
LF:34
LH:34
BRDA:26,0,0,6
BRDA:36,1,0,0
BRDA:41,2,0,2
BRDA:47,3,0,2
BRDA:52,4,0,5
BRDA:53,5,0,3
BRF:6
BRH:5
end_of_record
TN:
SF:src/services/player-hand/StraightFlush.ts
FN:13,(anonymous_0)
FN:19,(anonymous_1)
FN:23,(anonymous_2)
FNF:3
FNH:3
FNDA:9,(anonymous_0)
FNDA:2,(anonymous_1)
FNDA:9,(anonymous_2)
DA:1,11
DA:3,11
DA:4,11
DA:5,11
DA:7,11
DA:8,9
DA:10,9
DA:11,9
DA:14,9
DA:15,9
DA:16,9
DA:20,2
DA:24,9
DA:25,9
DA:26,18
DA:27,18
DA:28,18
DA:29,18
DA:30,8
DA:32,18
DA:33,8
DA:34,8
DA:35,8
DA:38,9
DA:40,2
LF:25
LH:25
BRDA:29,0,0,8
BRDA:29,1,0,2
BRDA:29,1,1,16
BRDA:29,2,0,18
BRDA:29,2,1,16
BRDA:30,3,0,0
BRDA:30,3,1,8
BRDA:30,4,0,8
BRDA:30,4,1,8
BRDA:32,5,0,8
BRDA:32,6,0,2
BRDA:32,6,1,16
BRDA:32,7,0,18
BRDA:32,7,1,16
BRDA:33,8,0,0
BRDA:33,8,1,8
BRDA:33,9,0,8
BRDA:33,9,1,8
BRDA:35,10,0,3
BRDA:38,11,0,7
BRDA:40,12,0,2
BRDA:40,12,1,1
BRF:22
BRH:20
end_of_record
TN:
SF:src/services/player-hand/ThreeOfAKind.ts
FN:11,(anonymous_0)
FN:17,(anonymous_1)
FN:21,(anonymous_2)
FN:33,(anonymous_3)
FN:49,(anonymous_4)
FN:58,(anonymous_5)
FNF:6
FNH:6
FNDA:23,(anonymous_0)
FNDA:2,(anonymous_1)
FNDA:23,(anonymous_2)
FNDA:100,(anonymous_3)
FNDA:8,(anonymous_4)
FNDA:6,(anonymous_5)
DA:1,11
DA:3,11
DA:5,11
DA:6,23
DA:7,23
DA:10,23
DA:12,23
DA:13,23
DA:14,23
DA:18,2
DA:22,23
DA:23,23
DA:24,23
DA:25,115
DA:26,115
DA:27,54
DA:28,54
DA:29,20
DA:30,20
DA:32,20
DA:33,20
DA:34,100
DA:35,100
DA:38,20
DA:41,61
DA:44,23
DA:46,23
DA:50,8
DA:51,8
DA:52,17
DA:55,8
DA:59,6
LF:32
LH:32
BRDA:26,0,0,54
BRDA:26,0,1,61
BRDA:28,1,0,20
BRDA:34,2,0,67
BRDA:35,3,0,100
BRDA:35,3,1,67
BRDA:46,4,0,20
BRDA:46,4,1,3
BRDA:52,5,0,1
BRDA:52,5,1,16
BRF:10
BRH:10
end_of_record
TN:
SF:src/services/player-hand/TwoPair.ts
FN:12,(anonymous_0)
FN:18,(anonymous_1)
FN:22,(anonymous_2)
FN:30,(anonymous_3)
FNF:4
FNH:3
FNDA:7,(anonymous_0)
FNDA:2,(anonymous_1)
FNDA:7,(anonymous_2)
FNDA:0,(anonymous_3)
DA:1,11
DA:3,11
DA:4,11
DA:6,11
DA:7,7
DA:8,7
DA:9,7
DA:13,7
DA:14,7
DA:15,7
DA:19,2
DA:23,7
DA:24,7
DA:25,7
DA:27,7
DA:28,0
DA:29,0
DA:30,0
DA:31,0
DA:32,0
DA:33,0
DA:36,7
DA:37,14
DA:38,14
DA:39,14
DA:40,14
DA:41,11
DA:42,11
DA:43,11
DA:45,11
DA:48,11
DA:52,7
DA:54,2
LF:33
LH:27
BRDA:27,0,0,0
BRDA:40,1,0,11
BRDA:42,2,0,11
BRDA:45,3,0,11
BRDA:45,4,0,11
BRDA:45,4,1,11
BRDA:52,5,0,5
BRDA:54,6,0,2
BRDA:54,6,1,1
BRF:9
BRH:8
end_of_record
TN:
SF:src/services/player-hand/index.ts
FNF:0
FNH:0
DA:1,11
DA:2,11
DA:3,11
DA:4,11
DA:5,11
DA:6,11
DA:7,11
DA:8,11
DA:9,11
DA:10,11
LF:10
LH:10
BRF:0
BRH:0
end_of_record
TN:
SF:src/utils/index.ts
FNF:0
FNH:0
DA:1,1
LF:1
LH:1
BRF:0
BRH:0
end_of_record
TN:
SF:src/utils/randomize.ts
FN:1,(anonymous_0)
FNF:1
FNH:0
FNDA:0,(anonymous_0)
DA:1,1
DA:2,0
DA:6,0
DA:9,0
DA:10,0
DA:13,0
DA:16,0
LF:7
LH:1
BRF:0
BRH:0
end_of_record
